{"C:\\Users\\joaqu\\OneDrive\\Documentos\\GitHub\\ClinicaBackend\\src\\services\\auth.service.js": {"path":"C:\\Users\\joaqu\\OneDrive\\Documentos\\GitHub\\ClinicaBackend\\src\\services\\auth.service.js","statementMap":{"0":{"start":{"line":13,"column":22},"end":{"line":17,"column":1}},"1":{"start":{"line":14,"column":2},"end":{"line":16,"column":5}},"2":{"start":{"line":19,"column":29},"end":{"line":19,"column":38}},"3":{"start":{"line":21,"column":27},"end":{"line":29,"column":1}},"4":{"start":{"line":22,"column":17},"end":{"line":22,"column":58}},"5":{"start":{"line":24,"column":2},"end":{"line":26,"column":3}},"6":{"start":{"line":25,"column":4},"end":{"line":25,"column":61}},"7":{"start":{"line":28,"column":2},"end":{"line":28,"column":65}},"8":{"start":{"line":31,"column":24},"end":{"line":42,"column":1}},"9":{"start":{"line":33,"column":4},"end":{"line":33,"column":15}},"10":{"start":{"line":35,"column":2},"end":{"line":37,"column":3}},"11":{"start":{"line":36,"column":4},"end":{"line":36,"column":76}},"12":{"start":{"line":39,"column":2},"end":{"line":41,"column":4}},"13":{"start":{"line":44,"column":35},"end":{"line":53,"column":1}},"14":{"start":{"line":45,"column":30},"end":{"line":45,"column":58}},"15":{"start":{"line":47,"column":2},"end":{"line":49,"column":3}},"16":{"start":{"line":48,"column":4},"end":{"line":48,"column":70}},"17":{"start":{"line":51,"column":2},"end":{"line":51,"column":51}},"18":{"start":{"line":52,"column":2},"end":{"line":52,"column":29}},"19":{"start":{"line":55,"column":34},"end":{"line":72,"column":1}},"20":{"start":{"line":56,"column":30},"end":{"line":56,"column":58}},"21":{"start":{"line":57,"column":25},"end":{"line":57,"column":63}},"22":{"start":{"line":58,"column":20},"end":{"line":62,"column":3}},"23":{"start":{"line":64,"column":19},"end":{"line":69,"column":4}},"24":{"start":{"line":66,"column":50},"end":{"line":66,"column":69}},"25":{"start":{"line":71,"column":2},"end":{"line":71,"column":43}},"26":{"start":{"line":74,"column":32},"end":{"line":86,"column":1}},"27":{"start":{"line":75,"column":30},"end":{"line":75,"column":58}},"28":{"start":{"line":77,"column":2},"end":{"line":80,"column":5}},"29":{"start":{"line":82,"column":2},"end":{"line":85,"column":4}},"30":{"start":{"line":88,"column":35},"end":{"line":110,"column":1}},"31":{"start":{"line":89,"column":30},"end":{"line":89,"column":58}},"32":{"start":{"line":91,"column":2},"end":{"line":93,"column":3}},"33":{"start":{"line":92,"column":4},"end":{"line":92,"column":65}},"34":{"start":{"line":95,"column":23},"end":{"line":98,"column":4}},"35":{"start":{"line":100,"column":2},"end":{"line":102,"column":3}},"36":{"start":{"line":101,"column":4},"end":{"line":101,"column":63}},"37":{"start":{"line":104,"column":2},"end":{"line":104,"column":48}},"38":{"start":{"line":106,"column":2},"end":{"line":109,"column":4}},"39":{"start":{"line":112,"column":31},"end":{"line":227,"column":1}},"40":{"start":{"line":134,"column":6},"end":{"line":134,"column":10}},"41":{"start":{"line":136,"column":2},"end":{"line":138,"column":3}},"42":{"start":{"line":137,"column":4},"end":{"line":137,"column":61}},"43":{"start":{"line":140,"column":2},"end":{"line":142,"column":3}},"44":{"start":{"line":141,"column":4},"end":{"line":141,"column":70}},"45":{"start":{"line":144,"column":30},"end":{"line":144,"column":66}},"46":{"start":{"line":146,"column":23},"end":{"line":146,"column":76}},"47":{"start":{"line":147,"column":2},"end":{"line":147,"column":77}},"48":{"start":{"line":147,"column":20},"end":{"line":147,"column":77}},"49":{"start":{"line":149,"column":27},"end":{"line":149,"column":79}},"50":{"start":{"line":150,"column":2},"end":{"line":150,"column":78}},"51":{"start":{"line":150,"column":24},"end":{"line":150,"column":78}},"52":{"start":{"line":152,"column":22},"end":{"line":154,"column":4}},"53":{"start":{"line":155,"column":2},"end":{"line":156,"column":80}},"54":{"start":{"line":156,"column":4},"end":{"line":156,"column":80}},"55":{"start":{"line":158,"column":25},"end":{"line":158,"column":58}},"56":{"start":{"line":159,"column":26},"end":{"line":161,"column":8}},"57":{"start":{"line":160,"column":35},"end":{"line":160,"column":50}},"58":{"start":{"line":162,"column":30},"end":{"line":164,"column":8}},"59":{"start":{"line":163,"column":43},"end":{"line":163,"column":62}},"60":{"start":{"line":166,"column":18},"end":{"line":211,"column":4}},"61":{"start":{"line":191,"column":58},"end":{"line":194,"column":17}},"62":{"start":{"line":199,"column":66},"end":{"line":204,"column":17}},"63":{"start":{"line":213,"column":16},"end":{"line":213,"column":74}},"64":{"start":{"line":215,"column":2},"end":{"line":226,"column":4}},"65":{"start":{"line":229,"column":28},"end":{"line":261,"column":1}},"66":{"start":{"line":230,"column":18},"end":{"line":233,"column":4}},"67":{"start":{"line":235,"column":2},"end":{"line":235,"column":80}},"68":{"start":{"line":235,"column":16},"end":{"line":235,"column":80}},"69":{"start":{"line":237,"column":27},"end":{"line":237,"column":79}},"70":{"start":{"line":238,"column":2},"end":{"line":239,"column":68}},"71":{"start":{"line":239,"column":4},"end":{"line":239,"column":68}},"72":{"start":{"line":241,"column":2},"end":{"line":245,"column":3}},"73":{"start":{"line":242,"column":4},"end":{"line":244,"column":6}},"74":{"start":{"line":247,"column":16},"end":{"line":247,"column":74}},"75":{"start":{"line":249,"column":2},"end":{"line":260,"column":4}},"76":{"start":{"line":263,"column":44},"end":{"line":280,"column":1}},"77":{"start":{"line":265,"column":4},"end":{"line":265,"column":45}},"78":{"start":{"line":267,"column":2},"end":{"line":269,"column":3}},"79":{"start":{"line":268,"column":4},"end":{"line":268,"column":72}},"80":{"start":{"line":271,"column":2},"end":{"line":274,"column":5}},"81":{"start":{"line":276,"column":2},"end":{"line":279,"column":4}},"82":{"start":{"line":282,"column":41},"end":{"line":317,"column":1}},"83":{"start":{"line":287,"column":2},"end":{"line":287,"column":74}},"84":{"start":{"line":287,"column":17},"end":{"line":287,"column":74}},"85":{"start":{"line":288,"column":2},"end":{"line":288,"column":70}},"86":{"start":{"line":288,"column":15},"end":{"line":288,"column":70}},"87":{"start":{"line":289,"column":2},"end":{"line":291,"column":3}},"88":{"start":{"line":290,"column":4},"end":{"line":290,"column":79}},"89":{"start":{"line":294,"column":4},"end":{"line":294,"column":45}},"90":{"start":{"line":296,"column":2},"end":{"line":298,"column":3}},"91":{"start":{"line":297,"column":4},"end":{"line":297,"column":72}},"92":{"start":{"line":300,"column":23},"end":{"line":303,"column":4}},"93":{"start":{"line":305,"column":2},"end":{"line":307,"column":3}},"94":{"start":{"line":306,"column":4},"end":{"line":306,"column":63}},"95":{"start":{"line":309,"column":25},"end":{"line":309,"column":63}},"96":{"start":{"line":311,"column":2},"end":{"line":314,"column":5}},"97":{"start":{"line":316,"column":2},"end":{"line":316,"column":62}},"98":{"start":{"line":319,"column":37},"end":{"line":346,"column":1}},"99":{"start":{"line":320,"column":18},"end":{"line":322,"column":4}},"100":{"start":{"line":324,"column":2},"end":{"line":324,"column":77}},"101":{"start":{"line":324,"column":16},"end":{"line":324,"column":77}},"102":{"start":{"line":326,"column":2},"end":{"line":327,"column":62}},"103":{"start":{"line":327,"column":4},"end":{"line":327,"column":62}},"104":{"start":{"line":329,"column":2},"end":{"line":332,"column":6}},"105":{"start":{"line":330,"column":4},"end":{"line":332,"column":6}},"106":{"start":{"line":334,"column":2},"end":{"line":341,"column":5}},"107":{"start":{"line":343,"column":2},"end":{"line":345,"column":4}},"108":{"start":{"line":348,"column":43},"end":{"line":368,"column":1}},"109":{"start":{"line":349,"column":18},"end":{"line":349,"column":71}},"110":{"start":{"line":351,"column":2},"end":{"line":352,"column":70}},"111":{"start":{"line":352,"column":4},"end":{"line":352,"column":70}},"112":{"start":{"line":354,"column":2},"end":{"line":355,"column":62}},"113":{"start":{"line":355,"column":4},"end":{"line":355,"column":62}},"114":{"start":{"line":357,"column":28},"end":{"line":357,"column":66}},"115":{"start":{"line":358,"column":31},"end":{"line":358,"column":73}},"116":{"start":{"line":360,"column":2},"end":{"line":363,"column":5}},"117":{"start":{"line":365,"column":2},"end":{"line":365,"column":56}},"118":{"start":{"line":367,"column":2},"end":{"line":367,"column":72}}},"fnMap":{"0":{"name":"(anonymous_0)","decl":{"start":{"line":13,"column":22},"end":{"line":13,"column":23}},"loc":{"start":{"line":13,"column":35},"end":{"line":17,"column":1}},"line":13},"1":{"name":"(anonymous_1)","decl":{"start":{"line":21,"column":27},"end":{"line":21,"column":28}},"loc":{"start":{"line":21,"column":41},"end":{"line":29,"column":1}},"line":21},"2":{"name":"(anonymous_2)","decl":{"start":{"line":31,"column":24},"end":{"line":31,"column":25}},"loc":{"start":{"line":31,"column":30},"end":{"line":42,"column":1}},"line":31},"3":{"name":"(anonymous_3)","decl":{"start":{"line":44,"column":35},"end":{"line":44,"column":36}},"loc":{"start":{"line":44,"column":49},"end":{"line":53,"column":1}},"line":44},"4":{"name":"(anonymous_4)","decl":{"start":{"line":55,"column":34},"end":{"line":55,"column":35}},"loc":{"start":{"line":55,"column":54},"end":{"line":72,"column":1}},"line":55},"5":{"name":"(anonymous_5)","decl":{"start":{"line":66,"column":38},"end":{"line":66,"column":39}},"loc":{"start":{"line":66,"column":50},"end":{"line":66,"column":69}},"line":66},"6":{"name":"(anonymous_6)","decl":{"start":{"line":74,"column":32},"end":{"line":74,"column":33}},"loc":{"start":{"line":74,"column":52},"end":{"line":86,"column":1}},"line":74},"7":{"name":"(anonymous_7)","decl":{"start":{"line":88,"column":35},"end":{"line":88,"column":36}},"loc":{"start":{"line":88,"column":63},"end":{"line":110,"column":1}},"line":88},"8":{"name":"(anonymous_8)","decl":{"start":{"line":112,"column":31},"end":{"line":112,"column":32}},"loc":{"start":{"line":112,"column":47},"end":{"line":227,"column":1}},"line":112},"9":{"name":"(anonymous_9)","decl":{"start":{"line":160,"column":22},"end":{"line":160,"column":23}},"loc":{"start":{"line":160,"column":35},"end":{"line":160,"column":50}},"line":160},"10":{"name":"(anonymous_10)","decl":{"start":{"line":163,"column":26},"end":{"line":163,"column":27}},"loc":{"start":{"line":163,"column":43},"end":{"line":163,"column":62}},"line":163},"11":{"name":"(anonymous_11)","decl":{"start":{"line":191,"column":44},"end":{"line":191,"column":45}},"loc":{"start":{"line":191,"column":58},"end":{"line":194,"column":17}},"line":191},"12":{"name":"(anonymous_12)","decl":{"start":{"line":199,"column":48},"end":{"line":199,"column":49}},"loc":{"start":{"line":199,"column":66},"end":{"line":204,"column":17}},"line":199},"13":{"name":"(anonymous_13)","decl":{"start":{"line":229,"column":28},"end":{"line":229,"column":29}},"loc":{"start":{"line":229,"column":57},"end":{"line":261,"column":1}},"line":229},"14":{"name":"(anonymous_14)","decl":{"start":{"line":263,"column":44},"end":{"line":263,"column":45}},"loc":{"start":{"line":263,"column":64},"end":{"line":280,"column":1}},"line":263},"15":{"name":"(anonymous_15)","decl":{"start":{"line":282,"column":41},"end":{"line":282,"column":42}},"loc":{"start":{"line":286,"column":6},"end":{"line":317,"column":1}},"line":286},"16":{"name":"(anonymous_16)","decl":{"start":{"line":319,"column":37},"end":{"line":319,"column":38}},"loc":{"start":{"line":319,"column":54},"end":{"line":346,"column":1}},"line":319},"17":{"name":"(anonymous_17)","decl":{"start":{"line":348,"column":43},"end":{"line":348,"column":44}},"loc":{"start":{"line":348,"column":60},"end":{"line":368,"column":1}},"line":348}},"branchMap":{"0":{"loc":{"start":{"line":22,"column":24},"end":{"line":22,"column":38}},"type":"binary-expr","locations":[{"start":{"line":22,"column":24},"end":{"line":22,"column":32}},{"start":{"line":22,"column":36},"end":{"line":22,"column":38}}],"line":22},"1":{"loc":{"start":{"line":24,"column":2},"end":{"line":26,"column":3}},"type":"if","locations":[{"start":{"line":24,"column":2},"end":{"line":26,"column":3}},{"start":{},"end":{}}],"line":24},"2":{"loc":{"start":{"line":28,"column":9},"end":{"line":28,"column":64}},"type":"cond-expr","locations":[{"start":{"line":28,"column":35},"end":{"line":28,"column":47}},{"start":{"line":28,"column":50},"end":{"line":28,"column":64}}],"line":28},"3":{"loc":{"start":{"line":35,"column":2},"end":{"line":37,"column":3}},"type":"if","locations":[{"start":{"line":35,"column":2},"end":{"line":37,"column":3}},{"start":{},"end":{}}],"line":35},"4":{"loc":{"start":{"line":35,"column":6},"end":{"line":35,"column":77}},"type":"binary-expr","locations":[{"start":{"line":35,"column":6},"end":{"line":35,"column":25}},{"start":{"line":35,"column":29},"end":{"line":35,"column":47}},{"start":{"line":35,"column":51},"end":{"line":35,"column":77}}],"line":35},"5":{"loc":{"start":{"line":47,"column":2},"end":{"line":49,"column":3}},"type":"if","locations":[{"start":{"line":47,"column":2},"end":{"line":49,"column":3}},{"start":{},"end":{}}],"line":47},"6":{"loc":{"start":{"line":61,"column":4},"end":{"line":61,"column":78}},"type":"cond-expr","locations":[{"start":{"line":61,"column":38},"end":{"line":61,"column":61}},{"start":{"line":61,"column":64},"end":{"line":61,"column":78}}],"line":61},"7":{"loc":{"start":{"line":91,"column":2},"end":{"line":93,"column":3}},"type":"if","locations":[{"start":{"line":91,"column":2},"end":{"line":93,"column":3}},{"start":{},"end":{}}],"line":91},"8":{"loc":{"start":{"line":91,"column":29},"end":{"line":91,"column":41}},"type":"binary-expr","locations":[{"start":{"line":91,"column":29},"end":{"line":91,"column":35}},{"start":{"line":91,"column":39},"end":{"line":91,"column":41}}],"line":91},"9":{"loc":{"start":{"line":100,"column":2},"end":{"line":102,"column":3}},"type":"if","locations":[{"start":{"line":100,"column":2},"end":{"line":102,"column":3}},{"start":{},"end":{}}],"line":100},"10":{"loc":{"start":{"line":136,"column":2},"end":{"line":138,"column":3}},"type":"if","locations":[{"start":{"line":136,"column":2},"end":{"line":138,"column":3}},{"start":{},"end":{}}],"line":136},"11":{"loc":{"start":{"line":140,"column":2},"end":{"line":142,"column":3}},"type":"if","locations":[{"start":{"line":140,"column":2},"end":{"line":142,"column":3}},{"start":{},"end":{}}],"line":140},"12":{"loc":{"start":{"line":147,"column":2},"end":{"line":147,"column":77}},"type":"if","locations":[{"start":{"line":147,"column":2},"end":{"line":147,"column":77}},{"start":{},"end":{}}],"line":147},"13":{"loc":{"start":{"line":150,"column":2},"end":{"line":150,"column":78}},"type":"if","locations":[{"start":{"line":150,"column":2},"end":{"line":150,"column":78}},{"start":{},"end":{}}],"line":150},"14":{"loc":{"start":{"line":155,"column":2},"end":{"line":156,"column":80}},"type":"if","locations":[{"start":{"line":155,"column":2},"end":{"line":156,"column":80}},{"start":{},"end":{}}],"line":155},"15":{"loc":{"start":{"line":159,"column":26},"end":{"line":161,"column":8}},"type":"cond-expr","locations":[{"start":{"line":160,"column":6},"end":{"line":160,"column":51}},{"start":{"line":161,"column":6},"end":{"line":161,"column":8}}],"line":159},"16":{"loc":{"start":{"line":162,"column":30},"end":{"line":164,"column":8}},"type":"cond-expr","locations":[{"start":{"line":163,"column":6},"end":{"line":163,"column":63}},{"start":{"line":164,"column":6},"end":{"line":164,"column":8}}],"line":162},"17":{"loc":{"start":{"line":179,"column":27},"end":{"line":179,"column":77}},"type":"cond-expr","locations":[{"start":{"line":179,"column":45},"end":{"line":179,"column":70}},{"start":{"line":179,"column":73},"end":{"line":179,"column":77}}],"line":179},"18":{"loc":{"start":{"line":189,"column":20},"end":{"line":196,"column":23}},"type":"cond-expr","locations":[{"start":{"line":190,"column":14},"end":{"line":195,"column":15}},{"start":{"line":196,"column":14},"end":{"line":196,"column":23}}],"line":189},"19":{"loc":{"start":{"line":197,"column":24},"end":{"line":206,"column":23}},"type":"cond-expr","locations":[{"start":{"line":198,"column":14},"end":{"line":205,"column":15}},{"start":{"line":206,"column":14},"end":{"line":206,"column":23}}],"line":197},"20":{"loc":{"start":{"line":235,"column":2},"end":{"line":235,"column":80}},"type":"if","locations":[{"start":{"line":235,"column":2},"end":{"line":235,"column":80}},{"start":{},"end":{}}],"line":235},"21":{"loc":{"start":{"line":238,"column":2},"end":{"line":239,"column":68}},"type":"if","locations":[{"start":{"line":238,"column":2},"end":{"line":239,"column":68}},{"start":{},"end":{}}],"line":238},"22":{"loc":{"start":{"line":241,"column":2},"end":{"line":245,"column":3}},"type":"if","locations":[{"start":{"line":241,"column":2},"end":{"line":245,"column":3}},{"start":{},"end":{}}],"line":241},"23":{"loc":{"start":{"line":267,"column":2},"end":{"line":269,"column":3}},"type":"if","locations":[{"start":{"line":267,"column":2},"end":{"line":269,"column":3}},{"start":{},"end":{}}],"line":267},"24":{"loc":{"start":{"line":287,"column":2},"end":{"line":287,"column":74}},"type":"if","locations":[{"start":{"line":287,"column":2},"end":{"line":287,"column":74}},{"start":{},"end":{}}],"line":287},"25":{"loc":{"start":{"line":288,"column":2},"end":{"line":288,"column":70}},"type":"if","locations":[{"start":{"line":288,"column":2},"end":{"line":288,"column":70}},{"start":{},"end":{}}],"line":288},"26":{"loc":{"start":{"line":289,"column":2},"end":{"line":291,"column":3}},"type":"if","locations":[{"start":{"line":289,"column":2},"end":{"line":291,"column":3}},{"start":{},"end":{}}],"line":289},"27":{"loc":{"start":{"line":289,"column":6},"end":{"line":289,"column":52}},"type":"binary-expr","locations":[{"start":{"line":289,"column":6},"end":{"line":289,"column":22}},{"start":{"line":289,"column":26},"end":{"line":289,"column":52}}],"line":289},"28":{"loc":{"start":{"line":296,"column":2},"end":{"line":298,"column":3}},"type":"if","locations":[{"start":{"line":296,"column":2},"end":{"line":298,"column":3}},{"start":{},"end":{}}],"line":296},"29":{"loc":{"start":{"line":305,"column":2},"end":{"line":307,"column":3}},"type":"if","locations":[{"start":{"line":305,"column":2},"end":{"line":307,"column":3}},{"start":{},"end":{}}],"line":305},"30":{"loc":{"start":{"line":324,"column":2},"end":{"line":324,"column":77}},"type":"if","locations":[{"start":{"line":324,"column":2},"end":{"line":324,"column":77}},{"start":{},"end":{}}],"line":324},"31":{"loc":{"start":{"line":326,"column":2},"end":{"line":327,"column":62}},"type":"if","locations":[{"start":{"line":326,"column":2},"end":{"line":327,"column":62}},{"start":{},"end":{}}],"line":326},"32":{"loc":{"start":{"line":329,"column":2},"end":{"line":332,"column":6}},"type":"if","locations":[{"start":{"line":329,"column":2},"end":{"line":332,"column":6}},{"start":{},"end":{}}],"line":329},"33":{"loc":{"start":{"line":351,"column":2},"end":{"line":352,"column":70}},"type":"if","locations":[{"start":{"line":351,"column":2},"end":{"line":352,"column":70}},{"start":{},"end":{}}],"line":351},"34":{"loc":{"start":{"line":354,"column":2},"end":{"line":355,"column":62}},"type":"if","locations":[{"start":{"line":354,"column":2},"end":{"line":355,"column":62}},{"start":{},"end":{}}],"line":354}},"s":{"0":0,"1":0,"2":0,"3":0,"4":0,"5":0,"6":0,"7":0,"8":0,"9":0,"10":0,"11":0,"12":0,"13":0,"14":0,"15":0,"16":0,"17":0,"18":0,"19":0,"20":0,"21":0,"22":0,"23":0,"24":0,"25":0,"26":0,"27":0,"28":0,"29":0,"30":0,"31":0,"32":0,"33":0,"34":0,"35":0,"36":0,"37":0,"38":0,"39":0,"40":0,"41":0,"42":0,"43":0,"44":0,"45":0,"46":0,"47":0,"48":0,"49":0,"50":0,"51":0,"52":0,"53":0,"54":0,"55":0,"56":0,"57":0,"58":0,"59":0,"60":0,"61":0,"62":0,"63":0,"64":0,"65":0,"66":0,"67":0,"68":0,"69":0,"70":0,"71":0,"72":0,"73":0,"74":0,"75":0,"76":0,"77":0,"78":0,"79":0,"80":0,"81":0,"82":0,"83":0,"84":0,"85":0,"86":0,"87":0,"88":0,"89":0,"90":0,"91":0,"92":0,"93":0,"94":0,"95":0,"96":0,"97":0,"98":0,"99":0,"100":0,"101":0,"102":0,"103":0,"104":0,"105":0,"106":0,"107":0,"108":0,"109":0,"110":0,"111":0,"112":0,"113":0,"114":0,"115":0,"116":0,"117":0,"118":0},"f":{"0":0,"1":0,"2":0,"3":0,"4":0,"5":0,"6":0,"7":0,"8":0,"9":0,"10":0,"11":0,"12":0,"13":0,"14":0,"15":0,"16":0,"17":0},"b":{"0":[0,0],"1":[0,0],"2":[0,0],"3":[0,0],"4":[0,0,0],"5":[0,0],"6":[0,0],"7":[0,0],"8":[0,0],"9":[0,0],"10":[0,0],"11":[0,0],"12":[0,0],"13":[0,0],"14":[0,0],"15":[0,0],"16":[0,0],"17":[0,0],"18":[0,0],"19":[0,0],"20":[0,0],"21":[0,0],"22":[0,0],"23":[0,0],"24":[0,0],"25":[0,0],"26":[0,0],"27":[0,0],"28":[0,0],"29":[0,0],"30":[0,0],"31":[0,0],"32":[0,0],"33":[0,0],"34":[0,0]},"inputSourceMap":null}
,"C:\\Users\\joaqu\\OneDrive\\Documentos\\GitHub\\ClinicaBackend\\src\\services\\admin\\auditoriaAdmin.service.js": {"path":"C:\\Users\\joaqu\\OneDrive\\Documentos\\GitHub\\ClinicaBackend\\src\\services\\admin\\auditoriaAdmin.service.js","statementMap":{"0":{"start":{"line":3,"column":24},"end":{"line":12,"column":1}},"1":{"start":{"line":4,"column":2},"end":{"line":4,"column":55}},"2":{"start":{"line":4,"column":28},"end":{"line":4,"column":55}},"3":{"start":{"line":5,"column":2},"end":{"line":5,"column":56}},"4":{"start":{"line":5,"column":29},"end":{"line":5,"column":56}},"5":{"start":{"line":6,"column":2},"end":{"line":6,"column":56}},"6":{"start":{"line":6,"column":43},"end":{"line":6,"column":56}},"7":{"start":{"line":8,"column":2},"end":{"line":11,"column":9}},"8":{"start":{"line":9,"column":4},"end":{"line":9,"column":60}},"9":{"start":{"line":9,"column":30},"end":{"line":9,"column":60}},"10":{"start":{"line":10,"column":4},"end":{"line":10,"column":18}},"11":{"start":{"line":14,"column":20},"end":{"line":31,"column":1}},"12":{"start":{"line":15,"column":2},"end":{"line":17,"column":3}},"13":{"start":{"line":16,"column":4},"end":{"line":16,"column":73}},"14":{"start":{"line":19,"column":18},"end":{"line":22,"column":4}},"15":{"start":{"line":24,"column":2},"end":{"line":30,"column":4}},"16":{"start":{"line":33,"column":34},"end":{"line":46,"column":1}},"17":{"start":{"line":34,"column":16},"end":{"line":34,"column":38}},"18":{"start":{"line":35,"column":2},"end":{"line":45,"column":5}},"19":{"start":{"line":48,"column":40},"end":{"line":54,"column":1}},"20":{"start":{"line":49,"column":2},"end":{"line":53,"column":3}},"21":{"start":{"line":50,"column":4},"end":{"line":50,"column":40}},"22":{"start":{"line":52,"column":4},"end":{"line":52,"column":66}},"23":{"start":{"line":56,"column":40},"end":{"line":84,"column":1}},"24":{"start":{"line":63,"column":19},"end":{"line":63,"column":21}},"25":{"start":{"line":64,"column":2},"end":{"line":64,"column":68}},"26":{"start":{"line":64,"column":18},"end":{"line":64,"column":68}},"27":{"start":{"line":65,"column":2},"end":{"line":65,"column":68}},"28":{"start":{"line":65,"column":18},"end":{"line":65,"column":68}},"29":{"start":{"line":67,"column":2},"end":{"line":83,"column":5}}},"fnMap":{"0":{"name":"(anonymous_0)","decl":{"start":{"line":3,"column":24},"end":{"line":3,"column":25}},"loc":{"start":{"line":3,"column":35},"end":{"line":12,"column":1}},"line":3},"1":{"name":"(anonymous_1)","decl":{"start":{"line":8,"column":38},"end":{"line":8,"column":39}},"loc":{"start":{"line":8,"column":64},"end":{"line":11,"column":3}},"line":8},"2":{"name":"(anonymous_2)","decl":{"start":{"line":14,"column":20},"end":{"line":14,"column":21}},"loc":{"start":{"line":14,"column":35},"end":{"line":31,"column":1}},"line":14},"3":{"name":"(anonymous_3)","decl":{"start":{"line":33,"column":34},"end":{"line":33,"column":35}},"loc":{"start":{"line":33,"column":68},"end":{"line":46,"column":1}},"line":33},"4":{"name":"(anonymous_4)","decl":{"start":{"line":48,"column":40},"end":{"line":48,"column":41}},"loc":{"start":{"line":48,"column":61},"end":{"line":54,"column":1}},"line":48},"5":{"name":"(anonymous_5)","decl":{"start":{"line":56,"column":40},"end":{"line":56,"column":41}},"loc":{"start":{"line":62,"column":6},"end":{"line":84,"column":1}},"line":62}},"branchMap":{"0":{"loc":{"start":{"line":4,"column":2},"end":{"line":4,"column":55}},"type":"if","locations":[{"start":{"line":4,"column":2},"end":{"line":4,"column":55}},{"start":{},"end":{}}],"line":4},"1":{"loc":{"start":{"line":5,"column":2},"end":{"line":5,"column":56}},"type":"if","locations":[{"start":{"line":5,"column":2},"end":{"line":5,"column":56}},{"start":{},"end":{}}],"line":5},"2":{"loc":{"start":{"line":6,"column":2},"end":{"line":6,"column":56}},"type":"if","locations":[{"start":{"line":6,"column":2},"end":{"line":6,"column":56}},{"start":{},"end":{}}],"line":6},"3":{"loc":{"start":{"line":6,"column":6},"end":{"line":6,"column":41}},"type":"binary-expr","locations":[{"start":{"line":6,"column":6},"end":{"line":6,"column":12}},{"start":{"line":6,"column":16},"end":{"line":6,"column":41}}],"line":6},"4":{"loc":{"start":{"line":9,"column":4},"end":{"line":9,"column":60}},"type":"if","locations":[{"start":{"line":9,"column":4},"end":{"line":9,"column":60}},{"start":{},"end":{}}],"line":9},"5":{"loc":{"start":{"line":15,"column":2},"end":{"line":17,"column":3}},"type":"if","locations":[{"start":{"line":15,"column":2},"end":{"line":17,"column":3}},{"start":{},"end":{}}],"line":15},"6":{"loc":{"start":{"line":25,"column":15},"end":{"line":25,"column":49}},"type":"binary-expr","locations":[{"start":{"line":25,"column":15},"end":{"line":25,"column":26}},{"start":{"line":25,"column":30},"end":{"line":25,"column":49}}],"line":25},"7":{"loc":{"start":{"line":26,"column":19},"end":{"line":28,"column":32}},"type":"cond-expr","locations":[{"start":{"line":27,"column":8},"end":{"line":27,"column":47}},{"start":{"line":28,"column":8},"end":{"line":28,"column":32}}],"line":26},"8":{"loc":{"start":{"line":29,"column":9},"end":{"line":29,"column":56}},"type":"binary-expr","locations":[{"start":{"line":29,"column":9},"end":{"line":29,"column":29}},{"start":{"line":29,"column":33},"end":{"line":29,"column":45}},{"start":{"line":29,"column":49},"end":{"line":29,"column":56}}],"line":29},"9":{"loc":{"start":{"line":33,"column":52},"end":{"line":33,"column":63}},"type":"default-arg","locations":[{"start":{"line":33,"column":57},"end":{"line":33,"column":63}}],"line":33},"10":{"loc":{"start":{"line":42,"column":15},"end":{"line":42,"column":64}},"type":"cond-expr","locations":[{"start":{"line":42,"column":30},"end":{"line":42,"column":52}},{"start":{"line":42,"column":55},"end":{"line":42,"column":64}}],"line":42},"11":{"loc":{"start":{"line":43,"column":10},"end":{"line":43,"column":63}},"type":"binary-expr","locations":[{"start":{"line":43,"column":10},"end":{"line":43,"column":16}},{"start":{"line":43,"column":20},"end":{"line":43,"column":50}},{"start":{"line":43,"column":54},"end":{"line":43,"column":63}}],"line":43},"12":{"loc":{"start":{"line":64,"column":2},"end":{"line":64,"column":68}},"type":"if","locations":[{"start":{"line":64,"column":2},"end":{"line":64,"column":68}},{"start":{},"end":{}}],"line":64},"13":{"loc":{"start":{"line":65,"column":2},"end":{"line":65,"column":68}},"type":"if","locations":[{"start":{"line":65,"column":2},"end":{"line":65,"column":68}},{"start":{},"end":{}}],"line":65},"14":{"loc":{"start":{"line":69,"column":10},"end":{"line":69,"column":46}},"type":"binary-expr","locations":[{"start":{"line":69,"column":10},"end":{"line":69,"column":16}},{"start":{"line":69,"column":20},"end":{"line":69,"column":46}}],"line":69},"15":{"loc":{"start":{"line":70,"column":10},"end":{"line":70,"column":46}},"type":"binary-expr","locations":[{"start":{"line":70,"column":10},"end":{"line":70,"column":16}},{"start":{"line":70,"column":20},"end":{"line":70,"column":46}}],"line":70},"16":{"loc":{"start":{"line":71,"column":10},"end":{"line":71,"column":54}},"type":"binary-expr","locations":[{"start":{"line":71,"column":10},"end":{"line":71,"column":38}},{"start":{"line":71,"column":42},"end":{"line":71,"column":54}}],"line":71},"17":{"loc":{"start":{"line":72,"column":10},"end":{"line":79,"column":7}},"type":"binary-expr","locations":[{"start":{"line":72,"column":10},"end":{"line":72,"column":15}},{"start":{"line":72,"column":19},"end":{"line":79,"column":7}}],"line":72}},"s":{"0":0,"1":0,"2":0,"3":0,"4":0,"5":0,"6":0,"7":0,"8":0,"9":0,"10":0,"11":0,"12":0,"13":0,"14":0,"15":0,"16":0,"17":0,"18":0,"19":0,"20":0,"21":0,"22":0,"23":0,"24":0,"25":0,"26":0,"27":0,"28":0,"29":0},"f":{"0":0,"1":0,"2":0,"3":0,"4":0,"5":0},"b":{"0":[0,0],"1":[0,0],"2":[0,0],"3":[0,0],"4":[0,0],"5":[0,0],"6":[0,0],"7":[0,0],"8":[0,0,0],"9":[0],"10":[0,0],"11":[0,0,0],"12":[0,0],"13":[0,0],"14":[0,0],"15":[0,0],"16":[0,0],"17":[0,0]},"inputSourceMap":null}
,"C:\\Users\\joaqu\\OneDrive\\Documentos\\GitHub\\ClinicaBackend\\src\\services\\admin\\catalogosAdmin.service.js": {"path":"C:\\Users\\joaqu\\OneDrive\\Documentos\\GitHub\\ClinicaBackend\\src\\services\\admin\\catalogosAdmin.service.js","statementMap":{"0":{"start":{"line":4,"column":45},"end":{"line":8,"column":1}},"1":{"start":{"line":5,"column":2},"end":{"line":7,"column":5}},"2":{"start":{"line":10,"column":38},"end":{"line":18,"column":1}},"3":{"start":{"line":11,"column":18},"end":{"line":15,"column":4}},"4":{"start":{"line":17,"column":2},"end":{"line":17,"column":27}}},"fnMap":{"0":{"name":"(anonymous_0)","decl":{"start":{"line":4,"column":45},"end":{"line":4,"column":46}},"loc":{"start":{"line":4,"column":57},"end":{"line":8,"column":1}},"line":4},"1":{"name":"(anonymous_1)","decl":{"start":{"line":10,"column":38},"end":{"line":10,"column":39}},"loc":{"start":{"line":10,"column":64},"end":{"line":18,"column":1}},"line":10}},"branchMap":{"0":{"loc":{"start":{"line":12,"column":35},"end":{"line":12,"column":71}},"type":"binary-expr","locations":[{"start":{"line":12,"column":35},"end":{"line":12,"column":49}},{"start":{"line":12,"column":53},"end":{"line":12,"column":71}}],"line":12}},"s":{"0":0,"1":0,"2":0,"3":0,"4":0},"f":{"0":0,"1":0},"b":{"0":[0,0]},"inputSourceMap":null}
,"C:\\Users\\joaqu\\OneDrive\\Documentos\\GitHub\\ClinicaBackend\\src\\services\\admin\\citasAdmin.service.js": {"path":"C:\\Users\\joaqu\\OneDrive\\Documentos\\GitHub\\ClinicaBackend\\src\\services\\admin\\citasAdmin.service.js","statementMap":{"0":{"start":{"line":13,"column":36},"end":{"line":32,"column":1}},"1":{"start":{"line":14,"column":16},"end":{"line":24,"column":4}},"2":{"start":{"line":26,"column":2},"end":{"line":31,"column":4}},"3":{"start":{"line":27,"column":25},"end":{"line":30,"column":5}},"4":{"start":{"line":34,"column":43},"end":{"line":74,"column":1}},"5":{"start":{"line":41,"column":16},"end":{"line":41,"column":52}},"6":{"start":{"line":42,"column":21},"end":{"line":42,"column":68}},"7":{"start":{"line":43,"column":2},"end":{"line":43,"column":66}},"8":{"start":{"line":43,"column":19},"end":{"line":43,"column":66}},"9":{"start":{"line":45,"column":23},"end":{"line":45,"column":54}},"10":{"start":{"line":46,"column":18},"end":{"line":53,"column":4}},"11":{"start":{"line":54,"column":2},"end":{"line":54,"column":56}},"12":{"start":{"line":54,"column":15},"end":{"line":54,"column":56}},"13":{"start":{"line":56,"column":15},"end":{"line":59,"column":4}},"14":{"start":{"line":61,"column":2},"end":{"line":71,"column":5}},"15":{"start":{"line":73,"column":2},"end":{"line":73,"column":14}},"16":{"start":{"line":76,"column":41},"end":{"line":117,"column":1}},"17":{"start":{"line":77,"column":15},"end":{"line":80,"column":4}},"18":{"start":{"line":81,"column":2},"end":{"line":81,"column":60}},"19":{"start":{"line":81,"column":13},"end":{"line":81,"column":60}},"20":{"start":{"line":83,"column":17},"end":{"line":83,"column":76}},"21":{"start":{"line":84,"column":2},"end":{"line":84,"column":64}},"22":{"start":{"line":84,"column":15},"end":{"line":84,"column":64}},"23":{"start":{"line":85,"column":2},"end":{"line":87,"column":3}},"24":{"start":{"line":86,"column":4},"end":{"line":86,"column":78}},"25":{"start":{"line":89,"column":18},"end":{"line":96,"column":4}},"26":{"start":{"line":97,"column":2},"end":{"line":97,"column":56}},"27":{"start":{"line":97,"column":15},"end":{"line":97,"column":56}},"28":{"start":{"line":99,"column":22},"end":{"line":102,"column":4}},"29":{"start":{"line":104,"column":2},"end":{"line":114,"column":5}},"30":{"start":{"line":116,"column":2},"end":{"line":116,"column":21}},"31":{"start":{"line":119,"column":44},"end":{"line":136,"column":1}},"32":{"start":{"line":120,"column":2},"end":{"line":135,"column":3}},"33":{"start":{"line":121,"column":17},"end":{"line":121,"column":78}},"34":{"start":{"line":122,"column":4},"end":{"line":128,"column":7}},"35":{"start":{"line":129,"column":4},"end":{"line":129,"column":16}},"36":{"start":{"line":131,"column":4},"end":{"line":133,"column":5}},"37":{"start":{"line":132,"column":6},"end":{"line":132,"column":53}},"38":{"start":{"line":134,"column":4},"end":{"line":134,"column":14}}},"fnMap":{"0":{"name":"(anonymous_0)","decl":{"start":{"line":13,"column":36},"end":{"line":13,"column":37}},"loc":{"start":{"line":13,"column":65},"end":{"line":32,"column":1}},"line":13},"1":{"name":"(anonymous_1)","decl":{"start":{"line":27,"column":14},"end":{"line":27,"column":15}},"loc":{"start":{"line":27,"column":25},"end":{"line":30,"column":5}},"line":27},"2":{"name":"(anonymous_2)","decl":{"start":{"line":34,"column":43},"end":{"line":34,"column":44}},"loc":{"start":{"line":40,"column":6},"end":{"line":74,"column":1}},"line":40},"3":{"name":"(anonymous_3)","decl":{"start":{"line":76,"column":41},"end":{"line":76,"column":42}},"loc":{"start":{"line":76,"column":74},"end":{"line":117,"column":1}},"line":76},"4":{"name":"(anonymous_4)","decl":{"start":{"line":119,"column":44},"end":{"line":119,"column":45}},"loc":{"start":{"line":119,"column":75},"end":{"line":136,"column":1}},"line":119}},"branchMap":{"0":{"loc":{"start":{"line":16,"column":10},"end":{"line":16,"column":30}},"type":"binary-expr","locations":[{"start":{"line":16,"column":10},"end":{"line":16,"column":16}},{"start":{"line":16,"column":20},"end":{"line":16,"column":30}}],"line":16},"1":{"loc":{"start":{"line":17,"column":10},"end":{"line":17,"column":45}},"type":"binary-expr","locations":[{"start":{"line":17,"column":10},"end":{"line":17,"column":15}},{"start":{"line":17,"column":19},"end":{"line":17,"column":45}}],"line":17},"2":{"loc":{"start":{"line":43,"column":2},"end":{"line":43,"column":66}},"type":"if","locations":[{"start":{"line":43,"column":2},"end":{"line":43,"column":66}},{"start":{},"end":{}}],"line":43},"3":{"loc":{"start":{"line":45,"column":23},"end":{"line":45,"column":54}},"type":"binary-expr","locations":[{"start":{"line":45,"column":23},"end":{"line":45,"column":31}},{"start":{"line":45,"column":35},"end":{"line":45,"column":54}}],"line":45},"4":{"loc":{"start":{"line":54,"column":2},"end":{"line":54,"column":56}},"type":"if","locations":[{"start":{"line":54,"column":2},"end":{"line":54,"column":56}},{"start":{},"end":{}}],"line":54},"5":{"loc":{"start":{"line":81,"column":2},"end":{"line":81,"column":60}},"type":"if","locations":[{"start":{"line":81,"column":2},"end":{"line":81,"column":60}},{"start":{},"end":{}}],"line":81},"6":{"loc":{"start":{"line":84,"column":2},"end":{"line":84,"column":64}},"type":"if","locations":[{"start":{"line":84,"column":2},"end":{"line":84,"column":64}},{"start":{},"end":{}}],"line":84},"7":{"loc":{"start":{"line":85,"column":2},"end":{"line":87,"column":3}},"type":"if","locations":[{"start":{"line":85,"column":2},"end":{"line":87,"column":3}},{"start":{},"end":{}}],"line":85},"8":{"loc":{"start":{"line":97,"column":2},"end":{"line":97,"column":56}},"type":"if","locations":[{"start":{"line":97,"column":2},"end":{"line":97,"column":56}},{"start":{},"end":{}}],"line":97},"9":{"loc":{"start":{"line":131,"column":4},"end":{"line":133,"column":5}},"type":"if","locations":[{"start":{"line":131,"column":4},"end":{"line":133,"column":5}},{"start":{},"end":{}}],"line":131}},"s":{"0":0,"1":0,"2":0,"3":0,"4":0,"5":0,"6":0,"7":0,"8":0,"9":0,"10":0,"11":0,"12":0,"13":0,"14":0,"15":0,"16":0,"17":0,"18":0,"19":0,"20":0,"21":0,"22":0,"23":0,"24":0,"25":0,"26":0,"27":0,"28":0,"29":0,"30":0,"31":0,"32":0,"33":0,"34":0,"35":0,"36":0,"37":0,"38":0},"f":{"0":0,"1":0,"2":0,"3":0,"4":0},"b":{"0":[0,0],"1":[0,0],"2":[0,0],"3":[0,0],"4":[0,0],"5":[0,0],"6":[0,0],"7":[0,0],"8":[0,0],"9":[0,0]},"inputSourceMap":null}
,"C:\\Users\\joaqu\\OneDrive\\Documentos\\GitHub\\ClinicaBackend\\src\\services\\admin\\ocupacionAdmin.service.js": {"path":"C:\\Users\\joaqu\\OneDrive\\Documentos\\GitHub\\ClinicaBackend\\src\\services\\admin\\ocupacionAdmin.service.js","statementMap":{"0":{"start":{"line":5,"column":46},"end":{"line":132,"column":1}},"1":{"start":{"line":6,"column":14},"end":{"line":6,"column":24}},"2":{"start":{"line":7,"column":18},"end":{"line":10,"column":3}},"3":{"start":{"line":11,"column":32},"end":{"line":11,"column":39}},"4":{"start":{"line":13,"column":43},"end":{"line":31,"column":4}},"5":{"start":{"line":33,"column":19},"end":{"line":33,"column":62}},"6":{"start":{"line":33,"column":30},"end":{"line":33,"column":62}},"7":{"start":{"line":34,"column":18},"end":{"line":37,"column":24}},"8":{"start":{"line":35,"column":4},"end":{"line":37,"column":24}},"9":{"start":{"line":39,"column":24},"end":{"line":39,"column":60}},"10":{"start":{"line":40,"column":19},"end":{"line":62,"column":4}},"11":{"start":{"line":41,"column":18},"end":{"line":41,"column":80}},"12":{"start":{"line":42,"column":16},"end":{"line":42,"column":31}},"13":{"start":{"line":43,"column":26},"end":{"line":44,"column":13}},"14":{"start":{"line":43,"column":49},"end":{"line":43,"column":77}},"15":{"start":{"line":45,"column":23},"end":{"line":45,"column":52}},"16":{"start":{"line":46,"column":22},"end":{"line":48,"column":9}},"17":{"start":{"line":50,"column":4},"end":{"line":61,"column":6}},"18":{"start":{"line":64,"column":19},"end":{"line":72,"column":38}},"19":{"start":{"line":65,"column":18},"end":{"line":65,"column":77}},"20":{"start":{"line":65,"column":41},"end":{"line":65,"column":69}},"21":{"start":{"line":66,"column":23},"end":{"line":66,"column":44}},"22":{"start":{"line":67,"column":4},"end":{"line":71,"column":6}},"23":{"start":{"line":72,"column":20},"end":{"line":72,"column":37}},"24":{"start":{"line":74,"column":29},"end":{"line":93,"column":4}},"25":{"start":{"line":75,"column":32},"end":{"line":77,"column":5}},"26":{"start":{"line":76,"column":18},"end":{"line":76,"column":59}},"27":{"start":{"line":78,"column":30},"end":{"line":80,"column":5}},"28":{"start":{"line":79,"column":16},"end":{"line":79,"column":62}},"29":{"start":{"line":81,"column":23},"end":{"line":81,"column":71}},"30":{"start":{"line":82,"column":4},"end":{"line":92,"column":6}},"31":{"start":{"line":95,"column":22},"end":{"line":112,"column":38}},"32":{"start":{"line":97,"column":26},"end":{"line":97,"column":77}},"33":{"start":{"line":97,"column":49},"end":{"line":97,"column":76}},"34":{"start":{"line":98,"column":25},"end":{"line":98,"column":44}},"35":{"start":{"line":99,"column":24},"end":{"line":101,"column":11}},"36":{"start":{"line":102,"column":6},"end":{"line":110,"column":8}},"37":{"start":{"line":112,"column":20},"end":{"line":112,"column":37}},"38":{"start":{"line":114,"column":2},"end":{"line":131,"column":4}},"39":{"start":{"line":124,"column":68},"end":{"line":124,"column":83}},"40":{"start":{"line":125,"column":58},"end":{"line":125,"column":74}}},"fnMap":{"0":{"name":"(anonymous_0)","decl":{"start":{"line":5,"column":46},"end":{"line":5,"column":47}},"loc":{"start":{"line":5,"column":73},"end":{"line":132,"column":1}},"line":5},"1":{"name":"(anonymous_1)","decl":{"start":{"line":33,"column":19},"end":{"line":33,"column":20}},"loc":{"start":{"line":33,"column":30},"end":{"line":33,"column":62}},"line":33},"2":{"name":"(anonymous_2)","decl":{"start":{"line":34,"column":18},"end":{"line":34,"column":19}},"loc":{"start":{"line":35,"column":4},"end":{"line":37,"column":24}},"line":35},"3":{"name":"(anonymous_3)","decl":{"start":{"line":40,"column":48},"end":{"line":40,"column":49}},"loc":{"start":{"line":40,"column":62},"end":{"line":62,"column":3}},"line":40},"4":{"name":"(anonymous_4)","decl":{"start":{"line":43,"column":39},"end":{"line":43,"column":40}},"loc":{"start":{"line":43,"column":49},"end":{"line":43,"column":77}},"line":43},"5":{"name":"(anonymous_5)","decl":{"start":{"line":64,"column":29},"end":{"line":64,"column":30}},"loc":{"start":{"line":64,"column":39},"end":{"line":72,"column":3}},"line":64},"6":{"name":"(anonymous_6)","decl":{"start":{"line":65,"column":31},"end":{"line":65,"column":32}},"loc":{"start":{"line":65,"column":41},"end":{"line":65,"column":69}},"line":65},"7":{"name":"(anonymous_7)","decl":{"start":{"line":72,"column":10},"end":{"line":72,"column":11}},"loc":{"start":{"line":72,"column":20},"end":{"line":72,"column":37}},"line":72},"8":{"name":"(anonymous_8)","decl":{"start":{"line":74,"column":48},"end":{"line":74,"column":49}},"loc":{"start":{"line":74,"column":66},"end":{"line":93,"column":3}},"line":74},"9":{"name":"(anonymous_9)","decl":{"start":{"line":76,"column":6},"end":{"line":76,"column":7}},"loc":{"start":{"line":76,"column":18},"end":{"line":76,"column":59}},"line":76},"10":{"name":"(anonymous_10)","decl":{"start":{"line":79,"column":6},"end":{"line":79,"column":7}},"loc":{"start":{"line":79,"column":16},"end":{"line":79,"column":62}},"line":79},"11":{"name":"(anonymous_11)","decl":{"start":{"line":96,"column":9},"end":{"line":96,"column":10}},"loc":{"start":{"line":96,"column":21},"end":{"line":111,"column":5}},"line":96},"12":{"name":"(anonymous_12)","decl":{"start":{"line":97,"column":39},"end":{"line":97,"column":40}},"loc":{"start":{"line":97,"column":49},"end":{"line":97,"column":76}},"line":97},"13":{"name":"(anonymous_13)","decl":{"start":{"line":112,"column":10},"end":{"line":112,"column":11}},"loc":{"start":{"line":112,"column":20},"end":{"line":112,"column":37}},"line":112},"14":{"name":"(anonymous_14)","decl":{"start":{"line":124,"column":58},"end":{"line":124,"column":59}},"loc":{"start":{"line":124,"column":68},"end":{"line":124,"column":83}},"line":124},"15":{"name":"(anonymous_15)","decl":{"start":{"line":125,"column":48},"end":{"line":125,"column":49}},"loc":{"start":{"line":125,"column":58},"end":{"line":125,"column":74}},"line":125}},"branchMap":{"0":{"loc":{"start":{"line":8,"column":4},"end":{"line":8,"column":32}},"type":"binary-expr","locations":[{"start":{"line":8,"column":4},"end":{"line":8,"column":8}},{"start":{"line":8,"column":12},"end":{"line":8,"column":32}}],"line":8},"1":{"loc":{"start":{"line":9,"column":4},"end":{"line":9,"column":34}},"type":"binary-expr","locations":[{"start":{"line":9,"column":4},"end":{"line":9,"column":9}},{"start":{"line":9,"column":13},"end":{"line":9,"column":34}}],"line":9},"2":{"loc":{"start":{"line":46,"column":22},"end":{"line":48,"column":9}},"type":"cond-expr","locations":[{"start":{"line":47,"column":8},"end":{"line":47,"column":54}},{"start":{"line":48,"column":8},"end":{"line":48,"column":9}}],"line":46},"3":{"loc":{"start":{"line":56,"column":8},"end":{"line":60,"column":20}},"type":"cond-expr","locations":[{"start":{"line":57,"column":12},"end":{"line":57,"column":18}},{"start":{"line":58,"column":12},"end":{"line":60,"column":20}}],"line":56},"4":{"loc":{"start":{"line":58,"column":12},"end":{"line":60,"column":20}},"type":"cond-expr","locations":[{"start":{"line":59,"column":14},"end":{"line":59,"column":21}},{"start":{"line":60,"column":14},"end":{"line":60,"column":20}}],"line":58},"5":{"loc":{"start":{"line":70,"column":17},"end":{"line":70,"column":72}},"type":"cond-expr","locations":[{"start":{"line":70,"column":30},"end":{"line":70,"column":68}},{"start":{"line":70,"column":71},"end":{"line":70,"column":72}}],"line":70},"6":{"loc":{"start":{"line":88,"column":17},"end":{"line":90,"column":11}},"type":"cond-expr","locations":[{"start":{"line":89,"column":10},"end":{"line":89,"column":67}},{"start":{"line":90,"column":10},"end":{"line":90,"column":11}}],"line":88},"7":{"loc":{"start":{"line":99,"column":24},"end":{"line":101,"column":11}},"type":"cond-expr","locations":[{"start":{"line":100,"column":10},"end":{"line":100,"column":61}},{"start":{"line":101,"column":10},"end":{"line":101,"column":11}}],"line":99},"8":{"loc":{"start":{"line":121,"column":24},"end":{"line":123,"column":11}},"type":"cond-expr","locations":[{"start":{"line":122,"column":10},"end":{"line":122,"column":58}},{"start":{"line":123,"column":10},"end":{"line":123,"column":11}}],"line":121}},"s":{"0":0,"1":0,"2":0,"3":0,"4":0,"5":0,"6":0,"7":0,"8":0,"9":0,"10":0,"11":0,"12":0,"13":0,"14":0,"15":0,"16":0,"17":0,"18":0,"19":0,"20":0,"21":0,"22":0,"23":0,"24":0,"25":0,"26":0,"27":0,"28":0,"29":0,"30":0,"31":0,"32":0,"33":0,"34":0,"35":0,"36":0,"37":0,"38":0,"39":0,"40":0},"f":{"0":0,"1":0,"2":0,"3":0,"4":0,"5":0,"6":0,"7":0,"8":0,"9":0,"10":0,"11":0,"12":0,"13":0,"14":0,"15":0},"b":{"0":[0,0],"1":[0,0],"2":[0,0],"3":[0,0],"4":[0,0],"5":[0,0],"6":[0,0],"7":[0,0],"8":[0,0]},"inputSourceMap":null}
,"C:\\Users\\joaqu\\OneDrive\\Documentos\\GitHub\\ClinicaBackend\\src\\services\\admin\\pagosAdmin.service.js": {"path":"C:\\Users\\joaqu\\OneDrive\\Documentos\\GitHub\\ClinicaBackend\\src\\services\\admin\\pagosAdmin.service.js","statementMap":{"0":{"start":{"line":9,"column":43},"end":{"line":24,"column":1}},"1":{"start":{"line":10,"column":53},"end":{"line":17,"column":4}},"2":{"start":{"line":19,"column":2},"end":{"line":23,"column":4}},"3":{"start":{"line":26,"column":36},"end":{"line":76,"column":1}},"4":{"start":{"line":32,"column":19},"end":{"line":32,"column":21}},"5":{"start":{"line":33,"column":2},"end":{"line":33,"column":68}},"6":{"start":{"line":33,"column":18},"end":{"line":33,"column":68}},"7":{"start":{"line":34,"column":2},"end":{"line":34,"column":68}},"8":{"start":{"line":34,"column":18},"end":{"line":34,"column":68}},"9":{"start":{"line":36,"column":16},"end":{"line":67,"column":4}},"10":{"start":{"line":69,"column":2},"end":{"line":75,"column":4}},"11":{"start":{"line":70,"column":25},"end":{"line":74,"column":5}},"12":{"start":{"line":78,"column":44},"end":{"line":103,"column":1}},"13":{"start":{"line":79,"column":2},"end":{"line":102,"column":3}},"14":{"start":{"line":80,"column":17},"end":{"line":83,"column":6}},"15":{"start":{"line":84,"column":4},"end":{"line":94,"column":7}},"16":{"start":{"line":96,"column":4},"end":{"line":96,"column":50}},"17":{"start":{"line":98,"column":4},"end":{"line":100,"column":5}},"18":{"start":{"line":99,"column":6},"end":{"line":99,"column":53}},"19":{"start":{"line":101,"column":4},"end":{"line":101,"column":14}}},"fnMap":{"0":{"name":"(anonymous_0)","decl":{"start":{"line":9,"column":43},"end":{"line":9,"column":44}},"loc":{"start":{"line":9,"column":55},"end":{"line":24,"column":1}},"line":9},"1":{"name":"(anonymous_1)","decl":{"start":{"line":26,"column":36},"end":{"line":26,"column":37}},"loc":{"start":{"line":31,"column":6},"end":{"line":76,"column":1}},"line":31},"2":{"name":"(anonymous_2)","decl":{"start":{"line":70,"column":14},"end":{"line":70,"column":15}},"loc":{"start":{"line":70,"column":25},"end":{"line":74,"column":5}},"line":70},"3":{"name":"(anonymous_3)","decl":{"start":{"line":78,"column":44},"end":{"line":78,"column":45}},"loc":{"start":{"line":78,"column":67},"end":{"line":103,"column":1}},"line":78}},"branchMap":{"0":{"loc":{"start":{"line":20,"column":27},"end":{"line":20,"column":49}},"type":"binary-expr","locations":[{"start":{"line":20,"column":27},"end":{"line":20,"column":44}},{"start":{"line":20,"column":48},"end":{"line":20,"column":49}}],"line":20},"1":{"loc":{"start":{"line":33,"column":2},"end":{"line":33,"column":68}},"type":"if","locations":[{"start":{"line":33,"column":2},"end":{"line":33,"column":68}},{"start":{},"end":{}}],"line":33},"2":{"loc":{"start":{"line":34,"column":2},"end":{"line":34,"column":68}},"type":"if","locations":[{"start":{"line":34,"column":2},"end":{"line":34,"column":68}},{"start":{},"end":{}}],"line":34},"3":{"loc":{"start":{"line":38,"column":10},"end":{"line":38,"column":30}},"type":"binary-expr","locations":[{"start":{"line":38,"column":10},"end":{"line":38,"column":16}},{"start":{"line":38,"column":20},"end":{"line":38,"column":30}}],"line":38},"4":{"loc":{"start":{"line":39,"column":10},"end":{"line":39,"column":54}},"type":"binary-expr","locations":[{"start":{"line":39,"column":10},"end":{"line":39,"column":38}},{"start":{"line":39,"column":42},"end":{"line":39,"column":54}}],"line":39},"5":{"loc":{"start":{"line":40,"column":10},"end":{"line":56,"column":7}},"type":"binary-expr","locations":[{"start":{"line":40,"column":10},"end":{"line":40,"column":15}},{"start":{"line":40,"column":19},"end":{"line":56,"column":7}}],"line":40},"6":{"loc":{"start":{"line":42,"column":14},"end":{"line":42,"column":80}},"type":"cond-expr","locations":[{"start":{"line":42,"column":48},"end":{"line":42,"column":75}},{"start":{"line":42,"column":78},"end":{"line":42,"column":80}}],"line":42},"7":{"loc":{"start":{"line":98,"column":4},"end":{"line":100,"column":5}},"type":"if","locations":[{"start":{"line":98,"column":4},"end":{"line":100,"column":5}},{"start":{},"end":{}}],"line":98}},"s":{"0":0,"1":0,"2":0,"3":0,"4":0,"5":0,"6":0,"7":0,"8":0,"9":0,"10":0,"11":0,"12":0,"13":0,"14":0,"15":0,"16":0,"17":0,"18":0,"19":0},"f":{"0":0,"1":0,"2":0,"3":0},"b":{"0":[0,0],"1":[0,0],"2":[0,0],"3":[0,0],"4":[0,0],"5":[0,0],"6":[0,0],"7":[0,0]},"inputSourceMap":null}
,"C:\\Users\\joaqu\\OneDrive\\Documentos\\GitHub\\ClinicaBackend\\src\\services\\admin\\usuariosAdmin.service.js": {"path":"C:\\Users\\joaqu\\OneDrive\\Documentos\\GitHub\\ClinicaBackend\\src\\services\\admin\\usuariosAdmin.service.js","statementMap":{"0":{"start":{"line":18,"column":23},"end":{"line":28,"column":1}},"1":{"start":{"line":30,"column":15},"end":{"line":34,"column":1}},"2":{"start":{"line":31,"column":14},"end":{"line":31,"column":64}},"3":{"start":{"line":32,"column":2},"end":{"line":32,"column":55}},"4":{"start":{"line":32,"column":12},"end":{"line":32,"column":55}},"5":{"start":{"line":33,"column":2},"end":{"line":33,"column":13}},"6":{"start":{"line":36,"column":39},"end":{"line":55,"column":1}},"7":{"start":{"line":37,"column":19},"end":{"line":52,"column":4}},"8":{"start":{"line":54,"column":2},"end":{"line":54,"column":28}},"9":{"start":{"line":57,"column":41},"end":{"line":163,"column":1}},"10":{"start":{"line":58,"column":55},"end":{"line":58,"column":63}},"11":{"start":{"line":59,"column":16},"end":{"line":59,"column":33}},"12":{"start":{"line":60,"column":25},"end":{"line":60,"column":58}},"13":{"start":{"line":62,"column":2},"end":{"line":162,"column":3}},"14":{"start":{"line":63,"column":20},"end":{"line":142,"column":6}},"15":{"start":{"line":64,"column":21},"end":{"line":74,"column":8}},"16":{"start":{"line":76,"column":6},"end":{"line":121,"column":7}},"17":{"start":{"line":77,"column":25},"end":{"line":93,"column":10}},"18":{"start":{"line":95,"column":25},"end":{"line":95,"column":61}},"19":{"start":{"line":96,"column":8},"end":{"line":103,"column":9}},"20":{"start":{"line":97,"column":10},"end":{"line":102,"column":13}},"21":{"start":{"line":98,"column":45},"end":{"line":101,"column":13}},"22":{"start":{"line":105,"column":29},"end":{"line":105,"column":73}},"23":{"start":{"line":106,"column":8},"end":{"line":113,"column":9}},"24":{"start":{"line":107,"column":10},"end":{"line":112,"column":13}},"25":{"start":{"line":108,"column":53},"end":{"line":111,"column":13}},"26":{"start":{"line":115,"column":8},"end":{"line":120,"column":11}},"27":{"start":{"line":123,"column":6},"end":{"line":136,"column":7}},"28":{"start":{"line":124,"column":8},"end":{"line":135,"column":11}},"29":{"start":{"line":138,"column":6},"end":{"line":141,"column":9}},"30":{"start":{"line":144,"column":4},"end":{"line":154,"column":7}},"31":{"start":{"line":156,"column":4},"end":{"line":156,"column":29}},"32":{"start":{"line":158,"column":4},"end":{"line":160,"column":5}},"33":{"start":{"line":159,"column":6},"end":{"line":159,"column":72}},"34":{"start":{"line":161,"column":4},"end":{"line":161,"column":14}},"35":{"start":{"line":165,"column":41},"end":{"line":272,"column":1}},"36":{"start":{"line":172,"column":17},"end":{"line":175,"column":4}},"37":{"start":{"line":176,"column":2},"end":{"line":176,"column":65}},"38":{"start":{"line":176,"column":15},"end":{"line":176,"column":65}},"39":{"start":{"line":178,"column":2},"end":{"line":180,"column":3}},"40":{"start":{"line":179,"column":4},"end":{"line":179,"column":72}},"41":{"start":{"line":181,"column":2},"end":{"line":183,"column":3}},"42":{"start":{"line":182,"column":4},"end":{"line":182,"column":74}},"43":{"start":{"line":184,"column":2},"end":{"line":189,"column":3}},"44":{"start":{"line":185,"column":4},"end":{"line":188,"column":6}},"45":{"start":{"line":191,"column":2},"end":{"line":271,"column":3}},"46":{"start":{"line":192,"column":20},"end":{"line":251,"column":6}},"47":{"start":{"line":193,"column":6},"end":{"line":195,"column":7}},"48":{"start":{"line":194,"column":8},"end":{"line":194,"column":70}},"49":{"start":{"line":196,"column":6},"end":{"line":201,"column":7}},"50":{"start":{"line":197,"column":8},"end":{"line":200,"column":11}},"51":{"start":{"line":202,"column":6},"end":{"line":214,"column":7}},"52":{"start":{"line":206,"column":8},"end":{"line":213,"column":11}},"53":{"start":{"line":215,"column":6},"end":{"line":228,"column":7}},"54":{"start":{"line":216,"column":25},"end":{"line":216,"column":61}},"55":{"start":{"line":217,"column":8},"end":{"line":219,"column":11}},"56":{"start":{"line":220,"column":8},"end":{"line":227,"column":9}},"57":{"start":{"line":221,"column":10},"end":{"line":226,"column":13}},"58":{"start":{"line":222,"column":45},"end":{"line":225,"column":13}},"59":{"start":{"line":229,"column":6},"end":{"line":243,"column":7}},"60":{"start":{"line":230,"column":29},"end":{"line":230,"column":73}},"61":{"start":{"line":231,"column":8},"end":{"line":234,"column":11}},"62":{"start":{"line":235,"column":8},"end":{"line":242,"column":9}},"63":{"start":{"line":236,"column":10},"end":{"line":241,"column":13}},"64":{"start":{"line":237,"column":53},"end":{"line":240,"column":13}},"65":{"start":{"line":244,"column":6},"end":{"line":249,"column":7}},"66":{"start":{"line":245,"column":8},"end":{"line":248,"column":11}},"67":{"start":{"line":250,"column":6},"end":{"line":250,"column":79}},"68":{"start":{"line":253,"column":4},"end":{"line":263,"column":7}},"69":{"start":{"line":261,"column":56},"end":{"line":261,"column":78}},"70":{"start":{"line":265,"column":4},"end":{"line":265,"column":29}},"71":{"start":{"line":267,"column":4},"end":{"line":269,"column":5}},"72":{"start":{"line":268,"column":6},"end":{"line":268,"column":72}},"73":{"start":{"line":270,"column":4},"end":{"line":270,"column":14}},"74":{"start":{"line":274,"column":47},"end":{"line":309,"column":1}},"75":{"start":{"line":275,"column":2},"end":{"line":308,"column":3}},"76":{"start":{"line":276,"column":20},"end":{"line":289,"column":6}},"77":{"start":{"line":277,"column":26},"end":{"line":281,"column":8}},"78":{"start":{"line":282,"column":6},"end":{"line":287,"column":7}},"79":{"start":{"line":283,"column":8},"end":{"line":286,"column":11}},"80":{"start":{"line":288,"column":6},"end":{"line":288,"column":79}},"81":{"start":{"line":291,"column":4},"end":{"line":300,"column":7}},"82":{"start":{"line":302,"column":4},"end":{"line":302,"column":29}},"83":{"start":{"line":304,"column":4},"end":{"line":306,"column":5}},"84":{"start":{"line":305,"column":6},"end":{"line":305,"column":56}},"85":{"start":{"line":307,"column":4},"end":{"line":307,"column":14}},"86":{"start":{"line":311,"column":41},"end":{"line":361,"column":1}},"87":{"start":{"line":312,"column":18},"end":{"line":315,"column":4}},"88":{"start":{"line":316,"column":2},"end":{"line":316,"column":66}},"89":{"start":{"line":316,"column":16},"end":{"line":316,"column":66}},"90":{"start":{"line":318,"column":23},"end":{"line":321,"column":3}},"91":{"start":{"line":322,"column":23},"end":{"line":329,"column":7}},"92":{"start":{"line":331,"column":2},"end":{"line":333,"column":3}},"93":{"start":{"line":332,"column":4},"end":{"line":332,"column":80}},"94":{"start":{"line":335,"column":22},"end":{"line":339,"column":4}},"95":{"start":{"line":341,"column":2},"end":{"line":346,"column":3}},"96":{"start":{"line":342,"column":4},"end":{"line":345,"column":7}},"97":{"start":{"line":348,"column":2},"end":{"line":358,"column":5}},"98":{"start":{"line":360,"column":2},"end":{"line":360,"column":31}}},"fnMap":{"0":{"name":"(anonymous_0)","decl":{"start":{"line":30,"column":15},"end":{"line":30,"column":16}},"loc":{"start":{"line":30,"column":33},"end":{"line":34,"column":1}},"line":30},"1":{"name":"(anonymous_1)","decl":{"start":{"line":36,"column":39},"end":{"line":36,"column":40}},"loc":{"start":{"line":36,"column":80},"end":{"line":55,"column":1}},"line":36},"2":{"name":"(anonymous_2)","decl":{"start":{"line":57,"column":41},"end":{"line":57,"column":42}},"loc":{"start":{"line":57,"column":56},"end":{"line":163,"column":1}},"line":57},"3":{"name":"(anonymous_3)","decl":{"start":{"line":63,"column":46},"end":{"line":63,"column":47}},"loc":{"start":{"line":63,"column":60},"end":{"line":142,"column":5}},"line":63},"4":{"name":"(anonymous_4)","decl":{"start":{"line":98,"column":31},"end":{"line":98,"column":32}},"loc":{"start":{"line":98,"column":45},"end":{"line":101,"column":13}},"line":98},"5":{"name":"(anonymous_5)","decl":{"start":{"line":108,"column":35},"end":{"line":108,"column":36}},"loc":{"start":{"line":108,"column":53},"end":{"line":111,"column":13}},"line":108},"6":{"name":"(anonymous_6)","decl":{"start":{"line":165,"column":41},"end":{"line":165,"column":42}},"loc":{"start":{"line":171,"column":6},"end":{"line":272,"column":1}},"line":171},"7":{"name":"(anonymous_7)","decl":{"start":{"line":192,"column":46},"end":{"line":192,"column":47}},"loc":{"start":{"line":192,"column":60},"end":{"line":251,"column":5}},"line":192},"8":{"name":"(anonymous_8)","decl":{"start":{"line":222,"column":31},"end":{"line":222,"column":32}},"loc":{"start":{"line":222,"column":45},"end":{"line":225,"column":13}},"line":222},"9":{"name":"(anonymous_9)","decl":{"start":{"line":237,"column":35},"end":{"line":237,"column":36}},"loc":{"start":{"line":237,"column":53},"end":{"line":240,"column":13}},"line":237},"10":{"name":"(anonymous_10)","decl":{"start":{"line":261,"column":45},"end":{"line":261,"column":46}},"loc":{"start":{"line":261,"column":56},"end":{"line":261,"column":78}},"line":261},"11":{"name":"(anonymous_11)","decl":{"start":{"line":274,"column":47},"end":{"line":274,"column":48}},"loc":{"start":{"line":274,"column":78},"end":{"line":309,"column":1}},"line":274},"12":{"name":"(anonymous_12)","decl":{"start":{"line":276,"column":46},"end":{"line":276,"column":47}},"loc":{"start":{"line":276,"column":60},"end":{"line":289,"column":5}},"line":276},"13":{"name":"(anonymous_13)","decl":{"start":{"line":311,"column":41},"end":{"line":311,"column":42}},"loc":{"start":{"line":311,"column":64},"end":{"line":361,"column":1}},"line":311}},"branchMap":{"0":{"loc":{"start":{"line":32,"column":2},"end":{"line":32,"column":55}},"type":"if","locations":[{"start":{"line":32,"column":2},"end":{"line":32,"column":55}},{"start":{},"end":{}}],"line":32},"1":{"loc":{"start":{"line":39,"column":10},"end":{"line":39,"column":49}},"type":"binary-expr","locations":[{"start":{"line":39,"column":10},"end":{"line":39,"column":13}},{"start":{"line":39,"column":17},"end":{"line":39,"column":49}}],"line":39},"2":{"loc":{"start":{"line":40,"column":10},"end":{"line":40,"column":52}},"type":"binary-expr","locations":[{"start":{"line":40,"column":10},"end":{"line":40,"column":23}},{"start":{"line":40,"column":27},"end":{"line":40,"column":52}}],"line":40},"3":{"loc":{"start":{"line":41,"column":10},"end":{"line":48,"column":7}},"type":"binary-expr","locations":[{"start":{"line":41,"column":10},"end":{"line":41,"column":15}},{"start":{"line":41,"column":19},"end":{"line":48,"column":7}}],"line":41},"4":{"loc":{"start":{"line":70,"column":18},"end":{"line":70,"column":45}},"type":"binary-expr","locations":[{"start":{"line":70,"column":18},"end":{"line":70,"column":33}},{"start":{"line":70,"column":37},"end":{"line":70,"column":45}}],"line":70},"5":{"loc":{"start":{"line":76,"column":6},"end":{"line":121,"column":7}},"type":"if","locations":[{"start":{"line":76,"column":6},"end":{"line":121,"column":7}},{"start":{},"end":{}}],"line":76},"6":{"loc":{"start":{"line":82,"column":29},"end":{"line":84,"column":20}},"type":"cond-expr","locations":[{"start":{"line":83,"column":16},"end":{"line":83,"column":50}},{"start":{"line":84,"column":16},"end":{"line":84,"column":20}}],"line":82},"7":{"loc":{"start":{"line":85,"column":20},"end":{"line":85,"column":45}},"type":"binary-expr","locations":[{"start":{"line":85,"column":20},"end":{"line":85,"column":35}},{"start":{"line":85,"column":39},"end":{"line":85,"column":45}}],"line":85},"8":{"loc":{"start":{"line":96,"column":8},"end":{"line":103,"column":9}},"type":"if","locations":[{"start":{"line":96,"column":8},"end":{"line":103,"column":9}},{"start":{},"end":{}}],"line":96},"9":{"loc":{"start":{"line":106,"column":8},"end":{"line":113,"column":9}},"type":"if","locations":[{"start":{"line":106,"column":8},"end":{"line":113,"column":9}},{"start":{},"end":{}}],"line":106},"10":{"loc":{"start":{"line":118,"column":28},"end":{"line":118,"column":57}},"type":"binary-expr","locations":[{"start":{"line":118,"column":28},"end":{"line":118,"column":51}},{"start":{"line":118,"column":55},"end":{"line":118,"column":57}}],"line":118},"11":{"loc":{"start":{"line":123,"column":6},"end":{"line":136,"column":7}},"type":"if","locations":[{"start":{"line":123,"column":6},"end":{"line":136,"column":7}},{"start":{},"end":{}}],"line":123},"12":{"loc":{"start":{"line":128,"column":20},"end":{"line":128,"column":47}},"type":"binary-expr","locations":[{"start":{"line":128,"column":20},"end":{"line":128,"column":35}},{"start":{"line":128,"column":39},"end":{"line":128,"column":47}}],"line":128},"13":{"loc":{"start":{"line":158,"column":4},"end":{"line":160,"column":5}},"type":"if","locations":[{"start":{"line":158,"column":4},"end":{"line":160,"column":5}},{"start":{},"end":{}}],"line":158},"14":{"loc":{"start":{"line":176,"column":2},"end":{"line":176,"column":65}},"type":"if","locations":[{"start":{"line":176,"column":2},"end":{"line":176,"column":65}},{"start":{},"end":{}}],"line":176},"15":{"loc":{"start":{"line":178,"column":2},"end":{"line":180,"column":3}},"type":"if","locations":[{"start":{"line":178,"column":2},"end":{"line":180,"column":3}},{"start":{},"end":{}}],"line":178},"16":{"loc":{"start":{"line":181,"column":2},"end":{"line":183,"column":3}},"type":"if","locations":[{"start":{"line":181,"column":2},"end":{"line":183,"column":3}},{"start":{},"end":{}}],"line":181},"17":{"loc":{"start":{"line":184,"column":2},"end":{"line":189,"column":3}},"type":"if","locations":[{"start":{"line":184,"column":2},"end":{"line":189,"column":3}},{"start":{},"end":{}}],"line":184},"18":{"loc":{"start":{"line":193,"column":6},"end":{"line":195,"column":7}},"type":"if","locations":[{"start":{"line":193,"column":6},"end":{"line":195,"column":7}},{"start":{},"end":{}}],"line":193},"19":{"loc":{"start":{"line":196,"column":6},"end":{"line":201,"column":7}},"type":"if","locations":[{"start":{"line":196,"column":6},"end":{"line":201,"column":7}},{"start":{},"end":{}}],"line":196},"20":{"loc":{"start":{"line":196,"column":10},"end":{"line":196,"column":61}},"type":"binary-expr","locations":[{"start":{"line":196,"column":10},"end":{"line":196,"column":25}},{"start":{"line":196,"column":29},"end":{"line":196,"column":61}}],"line":196},"21":{"loc":{"start":{"line":202,"column":6},"end":{"line":214,"column":7}},"type":"if","locations":[{"start":{"line":202,"column":6},"end":{"line":214,"column":7}},{"start":{},"end":{}}],"line":202},"22":{"loc":{"start":{"line":203,"column":8},"end":{"line":204,"column":72}},"type":"binary-expr","locations":[{"start":{"line":203,"column":8},"end":{"line":203,"column":23}},{"start":{"line":204,"column":8},"end":{"line":204,"column":72}}],"line":203},"23":{"loc":{"start":{"line":208,"column":36},"end":{"line":208,"column":65}},"type":"binary-expr","locations":[{"start":{"line":208,"column":36},"end":{"line":208,"column":59}},{"start":{"line":208,"column":63},"end":{"line":208,"column":65}}],"line":208},"24":{"loc":{"start":{"line":211,"column":28},"end":{"line":211,"column":57}},"type":"binary-expr","locations":[{"start":{"line":211,"column":28},"end":{"line":211,"column":51}},{"start":{"line":211,"column":55},"end":{"line":211,"column":57}}],"line":211},"25":{"loc":{"start":{"line":215,"column":6},"end":{"line":228,"column":7}},"type":"if","locations":[{"start":{"line":215,"column":6},"end":{"line":228,"column":7}},{"start":{},"end":{}}],"line":215},"26":{"loc":{"start":{"line":215,"column":10},"end":{"line":215,"column":61}},"type":"binary-expr","locations":[{"start":{"line":215,"column":10},"end":{"line":215,"column":25}},{"start":{"line":215,"column":29},"end":{"line":215,"column":61}}],"line":215},"27":{"loc":{"start":{"line":220,"column":8},"end":{"line":227,"column":9}},"type":"if","locations":[{"start":{"line":220,"column":8},"end":{"line":227,"column":9}},{"start":{},"end":{}}],"line":220},"28":{"loc":{"start":{"line":229,"column":6},"end":{"line":243,"column":7}},"type":"if","locations":[{"start":{"line":229,"column":6},"end":{"line":243,"column":7}},{"start":{},"end":{}}],"line":229},"29":{"loc":{"start":{"line":229,"column":10},"end":{"line":229,"column":65}},"type":"binary-expr","locations":[{"start":{"line":229,"column":10},"end":{"line":229,"column":25}},{"start":{"line":229,"column":29},"end":{"line":229,"column":65}}],"line":229},"30":{"loc":{"start":{"line":235,"column":8},"end":{"line":242,"column":9}},"type":"if","locations":[{"start":{"line":235,"column":8},"end":{"line":242,"column":9}},{"start":{},"end":{}}],"line":235},"31":{"loc":{"start":{"line":244,"column":6},"end":{"line":249,"column":7}},"type":"if","locations":[{"start":{"line":244,"column":6},"end":{"line":249,"column":7}},{"start":{},"end":{}}],"line":244},"32":{"loc":{"start":{"line":244,"column":10},"end":{"line":244,"column":57}},"type":"binary-expr","locations":[{"start":{"line":244,"column":10},"end":{"line":244,"column":23}},{"start":{"line":244,"column":27},"end":{"line":244,"column":57}}],"line":244},"33":{"loc":{"start":{"line":267,"column":4},"end":{"line":269,"column":5}},"type":"if","locations":[{"start":{"line":267,"column":4},"end":{"line":269,"column":5}},{"start":{},"end":{}}],"line":267},"34":{"loc":{"start":{"line":282,"column":6},"end":{"line":287,"column":7}},"type":"if","locations":[{"start":{"line":282,"column":6},"end":{"line":287,"column":7}},{"start":{},"end":{}}],"line":282},"35":{"loc":{"start":{"line":304,"column":4},"end":{"line":306,"column":5}},"type":"if","locations":[{"start":{"line":304,"column":4},"end":{"line":306,"column":5}},{"start":{},"end":{}}],"line":304},"36":{"loc":{"start":{"line":316,"column":2},"end":{"line":316,"column":66}},"type":"if","locations":[{"start":{"line":316,"column":2},"end":{"line":316,"column":66}},{"start":{},"end":{}}],"line":316},"37":{"loc":{"start":{"line":319,"column":8},"end":{"line":319,"column":69}},"type":"cond-expr","locations":[{"start":{"line":319,"column":27},"end":{"line":319,"column":64}},{"start":{"line":319,"column":67},"end":{"line":319,"column":69}}],"line":319},"38":{"loc":{"start":{"line":320,"column":8},"end":{"line":320,"column":63}},"type":"cond-expr","locations":[{"start":{"line":320,"column":25},"end":{"line":320,"column":58}},{"start":{"line":320,"column":61},"end":{"line":320,"column":63}}],"line":320},"39":{"loc":{"start":{"line":322,"column":23},"end":{"line":329,"column":7}},"type":"cond-expr","locations":[{"start":{"line":323,"column":6},"end":{"line":328,"column":8}},{"start":{"line":329,"column":6},"end":{"line":329,"column":7}}],"line":322},"40":{"loc":{"start":{"line":331,"column":2},"end":{"line":333,"column":3}},"type":"if","locations":[{"start":{"line":331,"column":2},"end":{"line":333,"column":3}},{"start":{},"end":{}}],"line":331},"41":{"loc":{"start":{"line":341,"column":2},"end":{"line":346,"column":3}},"type":"if","locations":[{"start":{"line":341,"column":2},"end":{"line":346,"column":3}},{"start":{},"end":{}}],"line":341}},"s":{"0":0,"1":0,"2":0,"3":0,"4":0,"5":0,"6":0,"7":0,"8":0,"9":0,"10":0,"11":0,"12":0,"13":0,"14":0,"15":0,"16":0,"17":0,"18":0,"19":0,"20":0,"21":0,"22":0,"23":0,"24":0,"25":0,"26":0,"27":0,"28":0,"29":0,"30":0,"31":0,"32":0,"33":0,"34":0,"35":0,"36":0,"37":0,"38":0,"39":0,"40":0,"41":0,"42":0,"43":0,"44":0,"45":0,"46":0,"47":0,"48":0,"49":0,"50":0,"51":0,"52":0,"53":0,"54":0,"55":0,"56":0,"57":0,"58":0,"59":0,"60":0,"61":0,"62":0,"63":0,"64":0,"65":0,"66":0,"67":0,"68":0,"69":0,"70":0,"71":0,"72":0,"73":0,"74":0,"75":0,"76":0,"77":0,"78":0,"79":0,"80":0,"81":0,"82":0,"83":0,"84":0,"85":0,"86":0,"87":0,"88":0,"89":0,"90":0,"91":0,"92":0,"93":0,"94":0,"95":0,"96":0,"97":0,"98":0},"f":{"0":0,"1":0,"2":0,"3":0,"4":0,"5":0,"6":0,"7":0,"8":0,"9":0,"10":0,"11":0,"12":0,"13":0},"b":{"0":[0,0],"1":[0,0],"2":[0,0],"3":[0,0],"4":[0,0],"5":[0,0],"6":[0,0],"7":[0,0],"8":[0,0],"9":[0,0],"10":[0,0],"11":[0,0],"12":[0,0],"13":[0,0],"14":[0,0],"15":[0,0],"16":[0,0],"17":[0,0],"18":[0,0],"19":[0,0],"20":[0,0],"21":[0,0],"22":[0,0],"23":[0,0],"24":[0,0],"25":[0,0],"26":[0,0],"27":[0,0],"28":[0,0],"29":[0,0],"30":[0,0],"31":[0,0],"32":[0,0],"33":[0,0],"34":[0,0],"35":[0,0],"36":[0,0],"37":[0,0],"38":[0,0],"39":[0,0],"40":[0,0],"41":[0,0]},"inputSourceMap":null}
,"C:\\Users\\joaqu\\OneDrive\\Documentos\\GitHub\\ClinicaBackend\\src\\services\\citas\\catalogosCitas.service.js": {"path":"C:\\Users\\joaqu\\OneDrive\\Documentos\\GitHub\\ClinicaBackend\\src\\services\\citas\\catalogosCitas.service.js","statementMap":{"0":{"start":{"line":3,"column":45},"end":{"line":8,"column":1}},"1":{"start":{"line":4,"column":2},"end":{"line":7,"column":5}}},"fnMap":{"0":{"name":"(anonymous_0)","decl":{"start":{"line":3,"column":45},"end":{"line":3,"column":46}},"loc":{"start":{"line":3,"column":57},"end":{"line":8,"column":1}},"line":3}},"branchMap":{},"s":{"0":0,"1":0},"f":{"0":0},"b":{},"inputSourceMap":null}
,"C:\\Users\\joaqu\\OneDrive\\Documentos\\GitHub\\ClinicaBackend\\src\\services\\citas\\citasPaciente.service.js": {"path":"C:\\Users\\joaqu\\OneDrive\\Documentos\\GitHub\\ClinicaBackend\\src\\services\\citas\\citasPaciente.service.js","statementMap":{"0":{"start":{"line":3,"column":39},"end":{"line":19,"column":1}},"1":{"start":{"line":4,"column":2},"end":{"line":18,"column":5}}},"fnMap":{"0":{"name":"(anonymous_0)","decl":{"start":{"line":3,"column":39},"end":{"line":3,"column":40}},"loc":{"start":{"line":3,"column":73},"end":{"line":19,"column":1}},"line":3}},"branchMap":{"0":{"loc":{"start":{"line":7,"column":10},"end":{"line":7,"column":30}},"type":"binary-expr","locations":[{"start":{"line":7,"column":10},"end":{"line":7,"column":16}},{"start":{"line":7,"column":20},"end":{"line":7,"column":30}}],"line":7}},"s":{"0":0,"1":0},"f":{"0":0},"b":{"0":[0,0]},"inputSourceMap":null}
,"C:\\Users\\joaqu\\OneDrive\\Documentos\\GitHub\\ClinicaBackend\\src\\services\\citas\\disponibilidadCitas.service.js": {"path":"C:\\Users\\joaqu\\OneDrive\\Documentos\\GitHub\\ClinicaBackend\\src\\services\\citas\\disponibilidadCitas.service.js","statementMap":{"0":{"start":{"line":9,"column":43},"end":{"line":56,"column":1}},"1":{"start":{"line":14,"column":18},"end":{"line":17,"column":4}},"2":{"start":{"line":18,"column":20},"end":{"line":18,"column":54}},"3":{"start":{"line":18,"column":44},"end":{"line":18,"column":53}},"4":{"start":{"line":19,"column":21},"end":{"line":19,"column":52}},"5":{"start":{"line":20,"column":23},"end":{"line":20,"column":73}},"6":{"start":{"line":21,"column":27},"end":{"line":21,"column":73}},"7":{"start":{"line":23,"column":16},"end":{"line":32,"column":8}},"8":{"start":{"line":34,"column":25},"end":{"line":38,"column":15}},"9":{"start":{"line":35,"column":16},"end":{"line":35,"column":41}},"10":{"start":{"line":36,"column":4},"end":{"line":36,"column":42}},"11":{"start":{"line":37,"column":4},"end":{"line":37,"column":15}},"12":{"start":{"line":40,"column":25},"end":{"line":40,"column":27}},"13":{"start":{"line":41,"column":2},"end":{"line":53,"column":3}},"14":{"start":{"line":42,"column":14},"end":{"line":42,"column":36}},"15":{"start":{"line":46,"column":16},"end":{"line":46,"column":34}},"16":{"start":{"line":47,"column":26},"end":{"line":47,"column":54}},"17":{"start":{"line":48,"column":4},"end":{"line":52,"column":6}},"18":{"start":{"line":55,"column":2},"end":{"line":55,"column":24}},"19":{"start":{"line":58,"column":42},"end":{"line":104,"column":1}},"20":{"start":{"line":59,"column":18},"end":{"line":65,"column":4}},"21":{"start":{"line":66,"column":20},"end":{"line":66,"column":54}},"22":{"start":{"line":66,"column":44},"end":{"line":66,"column":53}},"23":{"start":{"line":67,"column":20},"end":{"line":67,"column":50}},"24":{"start":{"line":68,"column":17},"end":{"line":68,"column":46}},"25":{"start":{"line":70,"column":22},"end":{"line":79,"column":8}},"26":{"start":{"line":81,"column":23},"end":{"line":87,"column":15}},"27":{"start":{"line":82,"column":17},"end":{"line":82,"column":40}},"28":{"start":{"line":83,"column":28},"end":{"line":83,"column":47}},"29":{"start":{"line":84,"column":4},"end":{"line":84,"column":40}},"30":{"start":{"line":85,"column":4},"end":{"line":85,"column":35}},"31":{"start":{"line":86,"column":4},"end":{"line":86,"column":15}},"32":{"start":{"line":89,"column":2},"end":{"line":103,"column":5}},"33":{"start":{"line":90,"column":28},"end":{"line":90,"column":56}},"34":{"start":{"line":91,"column":24},"end":{"line":93,"column":5}},"35":{"start":{"line":92,"column":18},"end":{"line":92,"column":54}},"36":{"start":{"line":95,"column":4},"end":{"line":102,"column":6}}},"fnMap":{"0":{"name":"(anonymous_0)","decl":{"start":{"line":9,"column":43},"end":{"line":9,"column":44}},"loc":{"start":{"line":13,"column":6},"end":{"line":56,"column":1}},"line":13},"1":{"name":"(anonymous_1)","decl":{"start":{"line":18,"column":32},"end":{"line":18,"column":33}},"loc":{"start":{"line":18,"column":44},"end":{"line":18,"column":53}},"line":18},"2":{"name":"(anonymous_2)","decl":{"start":{"line":34,"column":38},"end":{"line":34,"column":39}},"loc":{"start":{"line":34,"column":53},"end":{"line":38,"column":3}},"line":34},"3":{"name":"(anonymous_3)","decl":{"start":{"line":58,"column":42},"end":{"line":58,"column":43}},"loc":{"start":{"line":58,"column":79},"end":{"line":104,"column":1}},"line":58},"4":{"name":"(anonymous_4)","decl":{"start":{"line":66,"column":32},"end":{"line":66,"column":33}},"loc":{"start":{"line":66,"column":44},"end":{"line":66,"column":53}},"line":66},"5":{"name":"(anonymous_5)","decl":{"start":{"line":81,"column":42},"end":{"line":81,"column":43}},"loc":{"start":{"line":81,"column":57},"end":{"line":87,"column":3}},"line":81},"6":{"name":"(anonymous_6)","decl":{"start":{"line":89,"column":19},"end":{"line":89,"column":20}},"loc":{"start":{"line":89,"column":29},"end":{"line":103,"column":3}},"line":89},"7":{"name":"(anonymous_7)","decl":{"start":{"line":92,"column":6},"end":{"line":92,"column":7}},"loc":{"start":{"line":92,"column":18},"end":{"line":92,"column":54}},"line":92}},"branchMap":{"0":{"loc":{"start":{"line":23,"column":16},"end":{"line":32,"column":8}},"type":"cond-expr","locations":[{"start":{"line":24,"column":6},"end":{"line":31,"column":8}},{"start":{"line":32,"column":6},"end":{"line":32,"column":8}}],"line":23},"1":{"loc":{"start":{"line":36,"column":18},"end":{"line":36,"column":35}},"type":"binary-expr","locations":[{"start":{"line":36,"column":18},"end":{"line":36,"column":30}},{"start":{"line":36,"column":34},"end":{"line":36,"column":35}}],"line":36},"2":{"loc":{"start":{"line":47,"column":26},"end":{"line":47,"column":54}},"type":"binary-expr","locations":[{"start":{"line":47,"column":26},"end":{"line":47,"column":49}},{"start":{"line":47,"column":53},"end":{"line":47,"column":54}}],"line":47},"3":{"loc":{"start":{"line":70,"column":22},"end":{"line":79,"column":8}},"type":"cond-expr","locations":[{"start":{"line":71,"column":6},"end":{"line":78,"column":8}},{"start":{"line":79,"column":6},"end":{"line":79,"column":8}}],"line":70},"4":{"loc":{"start":{"line":83,"column":28},"end":{"line":83,"column":47}},"type":"binary-expr","locations":[{"start":{"line":83,"column":28},"end":{"line":83,"column":41}},{"start":{"line":83,"column":45},"end":{"line":83,"column":47}}],"line":83},"5":{"loc":{"start":{"line":90,"column":28},"end":{"line":90,"column":56}},"type":"binary-expr","locations":[{"start":{"line":90,"column":28},"end":{"line":90,"column":50}},{"start":{"line":90,"column":54},"end":{"line":90,"column":56}}],"line":90},"6":{"loc":{"start":{"line":98,"column":10},"end":{"line":101,"column":7}},"type":"binary-expr","locations":[{"start":{"line":98,"column":10},"end":{"line":98,"column":21}},{"start":{"line":98,"column":25},"end":{"line":101,"column":7}}],"line":98}},"s":{"0":0,"1":0,"2":0,"3":0,"4":0,"5":0,"6":0,"7":0,"8":0,"9":0,"10":0,"11":0,"12":0,"13":0,"14":0,"15":0,"16":0,"17":0,"18":0,"19":0,"20":0,"21":0,"22":0,"23":0,"24":0,"25":0,"26":0,"27":0,"28":0,"29":0,"30":0,"31":0,"32":0,"33":0,"34":0,"35":0,"36":0},"f":{"0":0,"1":0,"2":0,"3":0,"4":0,"5":0,"6":0,"7":0},"b":{"0":[0,0],"1":[0,0],"2":[0,0],"3":[0,0],"4":[0,0],"5":[0,0],"6":[0,0]},"inputSourceMap":null}
,"C:\\Users\\joaqu\\OneDrive\\Documentos\\GitHub\\ClinicaBackend\\src\\services\\citas\\gestionCitas.service.js": {"path":"C:\\Users\\joaqu\\OneDrive\\Documentos\\GitHub\\ClinicaBackend\\src\\services\\citas\\gestionCitas.service.js","statementMap":{"0":{"start":{"line":11,"column":24},"end":{"line":11,"column":76}},"1":{"start":{"line":13,"column":36},"end":{"line":39,"column":1}},"2":{"start":{"line":19,"column":2},"end":{"line":21,"column":3}},"3":{"start":{"line":20,"column":4},"end":{"line":20,"column":78}},"4":{"start":{"line":23,"column":2},"end":{"line":25,"column":3}},"5":{"start":{"line":24,"column":4},"end":{"line":24,"column":48}},"6":{"start":{"line":27,"column":24},"end":{"line":34,"column":4}},"7":{"start":{"line":36,"column":2},"end":{"line":38,"column":3}},"8":{"start":{"line":37,"column":4},"end":{"line":37,"column":50}},"9":{"start":{"line":41,"column":33},"end":{"line":96,"column":1}},"10":{"start":{"line":48,"column":2},"end":{"line":50,"column":3}},"11":{"start":{"line":49,"column":4},"end":{"line":49,"column":70}},"12":{"start":{"line":52,"column":2},"end":{"line":54,"column":3}},"13":{"start":{"line":53,"column":4},"end":{"line":53,"column":58}},"14":{"start":{"line":56,"column":55},"end":{"line":56,"column":60}},"15":{"start":{"line":58,"column":2},"end":{"line":62,"column":5}},"16":{"start":{"line":64,"column":2},"end":{"line":95,"column":3}},"17":{"start":{"line":65,"column":17},"end":{"line":73,"column":6}},"18":{"start":{"line":75,"column":16},"end":{"line":78,"column":6}},"19":{"start":{"line":80,"column":4},"end":{"line":87,"column":7}},"20":{"start":{"line":89,"column":4},"end":{"line":89,"column":16}},"21":{"start":{"line":91,"column":4},"end":{"line":93,"column":5}},"22":{"start":{"line":92,"column":6},"end":{"line":92,"column":66}},"23":{"start":{"line":94,"column":4},"end":{"line":94,"column":14}},"24":{"start":{"line":98,"column":33},"end":{"line":130,"column":1}},"25":{"start":{"line":99,"column":4},"end":{"line":101,"column":3}},"26":{"start":{"line":100,"column":4},"end":{"line":100,"column":58}},"27":{"start":{"line":102,"column":55},"end":{"line":102,"column":6
[...]
{"start":{"line":63,"column":19},"end":{"line":70,"column":4}},"14":{"start":{"line":72,"column":2},"end":{"line":72,"column":68}},"15":{"start":{"line":72,"column":17},"end":{"line":72,"column":68}},"16":{"start":{"line":74,"column":2},"end":{"line":89,"column":4}},"17":{"start":{"line":84,"column":50},"end":{"line":88,"column":5}}},"fnMap":{"0":{"name":"(anonymous_0)","decl":{"start":{"line":5,"column":34},"end":{"line":5,"column":35}},"loc":{"start":{"line":5,"column":48},"end":{"line":40,"column":1}},"line":5},"1":{"name":"(anonymous_1)","decl":{"start":{"line":6,"column":21},"end":{"line":6,"column":22}},"loc":{"start":{"line":6,"column":32},"end":{"line":18,"column":3}},"line":6},"2":{"name":"(anonymous_2)","decl":{"start":{"line":42,"column":38},"end":{"line":42,"column":39}},"loc":{"start":{"line":42,"column":51},"end":{"line":60,"column":1}},"line":42},"3":{"name":"(anonymous_3)","decl":{"start":{"line":53,"column":23},"end":{"line":53,"column":24}},"loc":{"start":{"line":53,"column":38},"end":{"line":59,"column":3}},"line":53},"4":{"name":"(anonymous_4)","decl":{"start":{"line":62,"column":46},"end":{"line":62,"column":47}},"loc":{"start":{"line":62,"column":68},"end":{"line":90,"column":1}},"line":62},"5":{"name":"(anonymous_5)","decl":{"start":{"line":84,"column":36},"end":{"line":84,"column":37}},"loc":{"start":{"line":84,"column":50},"end":{"line":88,"column":5}},"line":84}},"branchMap":{"0":{"loc":{"start":{"line":31,"column":10},"end":{"line":37,"column":12}},"type":"cond-expr","locations":[{"start":{"line":32,"column":10},"end":{"line":36,"column":11}},{"start":{"line":37,"column":10},"end":{"line":37,"column":12}}],"line":31},"1":{"loc":{"start":{"line":43,"column":23},"end":{"line":43,"column":30}},"type":"binary-expr","locations":[{"start":{"line":43,"column":23},"end":{"line":43,"column":24}},{"start":{"line":43,"column":28},"end":{"line":43,"column":30}}],"line":43},"2":{"loc":{"start":{"line":44,"column":2},"end":{"line":44,"column":24}},"type":"if","locations":[{"start":{"line":44,"column":2},"end":{"line":44,"column":24}},{"start":{},"end":{}}],"line":44},"3":{"loc":{"start":{"line":72,"column":2},"end":{"line":72,"column":68}},"type":"if","locations":[{"start":{"line":72,"column":2},"end":{"line":72,"column":68}},{"start":{},"end":{}}],"line":72}},"s":{"0":0,"1":0,"2":0,"3":0,"4":0,"5":0,"6":0,"7":0,"8":0,"9":0,"10":0,"11":0,"12":0,"13":0,"14":0,"15":0,"16":0,"17":0},"f":{"0":0,"1":0,"2":0,"3":0,"4":0,"5":0},"b":{"0":[0,0],"1":[0,0],"2":[0,0],"3":[0,0]},"inputSourceMap":null}
,"C:\\Users\\joaqu\\OneDrive\\Documentos\\GitHub\\ClinicaBackend\\src\\services\\doctor\\prescripcionesDoctor.service.js": {"path":"C:\\Users\\joaqu\\OneDrive\\Documentos\\GitHub\\ClinicaBackend\\src\\services\\doctor\\prescripcionesDoctor.service.js","statementMap":{"0":{"start":{"line":5,"column":29},"end":{"line":19,"column":2}},"1":{"start":{"line":5,"column":59},"end":{"line":19,"column":1}},"2":{"start":{"line":21,"column":47},"end":{"line":39,"column":1}},"3":{"start":{"line":22,"column":23},"end":{"line":25,"column":4}},"4":{"start":{"line":27,"column":2},"end":{"line":38,"column":6}},"5":{"start":{"line":27,"column":44},"end":{"line":38,"column":3}},"6":{"start":{"line":41,"column":43},"end":{"line":61,"column":1}},"7":{"start":{"line":45,"column":20},"end":{"line":55,"column":4}},"8":{"start":{"line":46,"column":20},"end":{"line":46,"column":22}},"9":{"start":{"line":48,"column":4},"end":{"line":53,"column":5}},"10":{"start":{"line":49,"column":21},"end":{"line":51,"column":8}},"11":{"start":{"line":52,"column":6},"end":{"line":52,"column":27}},"12":{"start":{"line":54,"column":4},"end":{"line":54,"column":23}},"13":{"start":{"line":57,"column":2},"end":{"line":60,"column":4}},"14":{"start":{"line":63,"column":41},"end":{"line":75,"column":1}},"15":{"start":{"line":64,"column":2},"end":{"line":74,"column":3}},"16":{"start":{"line":65,"column":4},"end":{"line":68,"column":7}},"17":{"start":{"line":70,"column":4},"end":{"line":72,"column":5}},"18":{"start":{"line":71,"column":6},"end":{"line":71,"column":61}},"19":{"start":{"line":73,"column":4},"end":{"line":73,"column":14}},"20":{"start":{"line":77,"column":41},"end":{"line":108,"column":1}},"21":{"start":{"line":78,"column":2},"end":{"line":107,"column":3}},"22":{"start":{"line":87,"column":8},"end":{"line":87,"column":12}},"23":{"start":{"line":89,"column":4},"end":{"line":101,"column":7}},"24":{"start":{"line":103,"column":4},"end":{"line":105,"column":5}},"25":{"start":{"line":104,"column":6},"end":{"line":104,"column":61}},"26":{"start":{"line":106,"column":4},"end":{"line":106,"column":14}},"27":{"start":{"line":110,"column":44},"end":{"line":120,"column":1}},"28":{"start":{"line":115,"column":2},"end":{"line":119,"column":3}},"29":{"start":{"line":116,"column":4},"end":{"line":118,"column":7}}},"fnMap":{"0":{"name":"(anonymous_0)","decl":{"start":{"line":5,"column":29},"end":{"line":5,"column":30}},"loc":{"start":{"line":5,"column":59},"end":{"line":19,"column":1}},"line":5},"1":{"name":"(anonymous_1)","decl":{"start":{"line":21,"column":47},"end":{"line":21,"column":48}},"loc":{"start":{"line":21,"column":69},"end":{"line":39,"column":1}},"line":21},"2":{"name":"(anonymous_2)","decl":{"start":{"line":27,"column":26},"end":{"line":27,"column":27}},"loc":{"start":{"line":27,"column":44},"end":{"line":38,"column":3}},"line":27},"3":{"name":"(anonymous_3)","decl":{"start":{"line":41,"column":43},"end":{"line":41,"column":44}},"loc":{"start":{"line":44,"column":6},"end":{"line":61,"column":1}},"line":44},"4":{"name":"(anonymous_4)","decl":{"start":{"line":45,"column":46},"end":{"line":45,"column":47}},"loc":{"start":{"line":45,"column":60},"end":{"line":55,"column":3}},"line":45},"5":{"name":"(anonymous_5)","decl":{"start":{"line":63,"column":41},"end":{"line":63,"column":42}},"loc":{"start":{"line":63,"column":55},"end":{"line":75,"column":1}},"line":63},"6":{"name":"(anonymous_6)","decl":{"start":{"line":77,"column":41},"end":{"line":77,"column":42}},"loc":{"start":{"line":77,"column":61},"end":{"line":108,"column":1}},"line":77},"7":{"name":"(anonymous_7)","decl":{"start":{"line":110,"column":44},"end":{"line":110,"column":45}},"loc":{"start":{"line":114,"column":6},"end":{"line":120,"column":1}},"line":114}},"branchMap":{"0":{"loc":{"start":{"line":9,"column":15},"end":{"line":9,"column":81}},"type":"cond-expr","locations":[{"start":{"line":9,"column":41},"end":{"line":9,"column":74}},{"start":{"line":9,"column":77},"end":{"line":9,"column":81}}],"line":9},"1":{"loc":{"start":{"line":16,"column":17},"end":{"line":16,"column":48}},"type":"binary-expr","locations":[{"start":{"line":16,"column":17},"end":{"line":16,"column":42}},{"start":{"line":16,"column":46},"end":{"line":16,"column":48}}],"line":16},"2":{"loc":{"start":{"line":70,"column":4},"end":{"line":72,"column":5}},"type":"if","locations":[{"start":{"line":70,"column":4},"end":{"line":72,"column":5}},{"start":{},"end":{}}],"line":70},"3":{"loc":{"start":{"line":95,"column":21},"end":{"line":95,"column":63}},"type":"cond-expr","locations":[{"start":{"line":95,"column":35},"end":{"line":95,"column":56}},{"start":{"line":95,"column":59},"end":{"line":95,"column":63}}],"line":95},"4":{"loc":{"start":{"line":99,"column":23},"end":{"line":99,"column":42}},"type":"binary-expr","locations":[{"start":{"line":99,"column":23},"end":{"line":99,"column":36}},{"start":{"line":99,"column":40},"end":{"line":99,"column":42}}],"line":99},"5":{"loc":{"start":{"line":103,"column":4},"end":{"line":105,"column":5}},"type":"if","locations":[{"start":{"line":103,"column":4},"end":{"line":105,"column":5}},{"start":{},"end":{}}],"line":103}},"s":{"0":0,"1":0,"2":0,"3":0,"4":0,"5":0,"6":0,"7":0,"8":0,"9":0,"10":0,"11":0,"12":0,"13":0,"14":0,"15":0,"16":0,"17":0,"18":0,"19":0,"20":0,"21":0,"22":0,"23":0,"24":0,"25":0,"26":0,"27":0,"28":0,"29":0},"f":{"0":0,"1":0,"2":0,"3":0,"4":0,"5":0,"6":0,"7":0},"b":{"0":[0,0],"1":[0,0],"2":[0,0],"3":[0,0],"4":[0,0],"5":[0,0]},"inputSourceMap":null}
,"C:\\Users\\joaqu\\OneDrive\\Documentos\\GitHub\\ClinicaBackend\\src\\services\\pacientes\\alergiasPaciente.service.js": {"path":"C:\\Users\\joaqu\\OneDrive\\Documentos\\GitHub\\ClinicaBackend\\src\\services\\pacientes\\alergiasPaciente.service.js","statementMap":{"0":{"start":{"line":4,"column":42},"end":{"line":9,"column":1}},"1":{"start":{"line":5,"column":2},"end":{"line":8,"column":5}},"2":{"start":{"line":11,"column":44},"end":{"line":23,"column":1}},"3":{"start":{"line":16,"column":2},"end":{"line":22,"column":5}},"4":{"start":{"line":25,"column":44},"end":{"line":33,"column":1}},"5":{"start":{"line":26,"column":18},"end":{"line":26,"column":69}},"6":{"start":{"line":27,"column":2},"end":{"line":27,"column":66}},"7":{"start":{"line":27,"column":16},"end":{"line":27,"column":66}},"8":{"start":{"line":28,"column":2},"end":{"line":30,"column":3}},"9":{"start":{"line":29,"column":4},"end":{"line":29,"column":69}},"10":{"start":{"line":32,"column":2},"end":{"line":32,"column":50}}},"fnMap":{"0":{"name":"(anonymous_0)","decl":{"start":{"line":4,"column":42},"end":{"line":4,"column":43}},"loc":{"start":{"line":4,"column":64},"end":{"line":9,"column":1}},"line":4},"1":{"name":"(anonymous_1)","decl":{"start":{"line":11,"column":44},"end":{"line":11,"column":45}},"loc":{"start":{"line":15,"column":6},"end":{"line":23,"column":1}},"line":15},"2":{"name":"(anonymous_2)","decl":{"start":{"line":25,"column":44},"end":{"line":25,"column":45}},"loc":{"start":{"line":25,"column":74},"end":{"line":33,"column":1}},"line":25}},"branchMap":{"0":{"loc":{"start":{"line":27,"column":2},"end":{"line":27,"column":66}},"type":"if","locations":[{"start":{"line":27,"column":2},"end":{"line":27,"column":66}},{"start":{},"end":{}}],"line":27},"1":{"loc":{"start":{"line":28,"column":2},"end":{"line":30,"column":3}},"type":"if","locations":[{"start":{"line":28,"column":2},"end":{"line":30,"column":3}},{"start":{},"end":{}}],"line":28}},"s":{"0":0,"1":0,"2":0,"3":0,"4":0,"5":0,"6":0,"7":0,"8":0,"9":0,"10":0},"f":{"0":0,"1":0,"2":0},"b":{"0":[0,0],"1":[0,0]},"inputSourceMap":null}
,"C:\\Users\\joaqu\\OneDrive\\Documentos\\GitHub\\ClinicaBackend\\src\\services\\pacientes\\historialPaciente.service.js": {"path":"C:\\Users\\joaqu\\OneDrive\\Documentos\\GitHub\\ClinicaBackend\\src\\services\\pacientes\\historialPaciente.service.js","statementMap":{"0":{"start":{"line":4,"column":50},"end":{"line":60,"column":1}},"1":{"start":{"line":5,"column":19},"end":{"line":8,"column":4}},"2":{"start":{"line":9,"column":2},"end":{"line":9,"column":68}},"3":{"start":{"line":9,"column":17},"end":{"line":9,"column":68}},"4":{"start":{"line":11,"column":20},"end":{"line":33,"column":4}},"5":{"start":{"line":35,"column":2},"end":{"line":59,"column":6}},"6":{"start":{"line":35,"column":38},"end":{"line":59,"column":3}},"7":{"start":{"line":48,"column":41},"end":{"line":48,"column":59}}},"fnMap":{"0":{"name":"(anonymous_0)","decl":{"start":{"line":4,"column":50},"end":{"line":4,"column":51}},"loc":{"start":{"line":4,"column":72},"end":{"line":60,"column":1}},"line":4},"1":{"name":"(anonymous_1)","decl":{"start":{"line":35,"column":23},"end":{"line":35,"column":24}},"loc":{"start":{"line":35,"column":38},"end":{"line":59,"column":3}},"line":35},"2":{"name":"(anonymous_2)","decl":{"start":{"line":48,"column":29},"end":{"line":48,"column":30}},"loc":{"start":{"line":48,"column":41},"end":{"line":48,"column":59}},"line":48}},"branchMap":{"0":{"loc":{"start":{"line":9,"column":2},"end":{"line":9,"column":68}},"type":"if","locations":[{"start":{"line":9,"column":2},"end":{"line":9,"column":68}},{"start":{},"end":{}}],"line":9},"1":{"loc":{"start":{"line":37,"column":11},"end":{"line":37,"column":52}},"type":"binary-expr","locations":[{"start":{"line":37,"column":11},"end":{"line":37,"column":31}},{"start":{"line":37,"column":35},"end":{"line":37,"column":52}}],"line":37},"2":{"loc":{"start":{"line":39,"column":6},"end":{"line":42,"column":23}},"type":"binary-expr","locations":[{"start":{"line":39,"column":6},"end":{"line":39,"column":21}},{"start":{"line":40,"column":6},"end":{"line":40,"column":27}},{"start":{"line":41,"column":6},"end":{"line":41,"column":20}},{"start":{"line":42,"column":6},"end":{"line":42,"column":23}}],"line":39},"3":{"loc":{"start":{"line":47,"column":12},"end":{"line":49,"column":12}},"type":"cond-expr","locations":[{"start":{"line":48,"column":8},"end":{"line":48,"column":71}},{"start":{"line":49,"column":8},"end":{"line":49,"column":12}}],"line":47},"4":{"loc":{"start":{"line":50,"column":12},"end":{"line":54,"column":23}},"type":"cond-expr","locations":[{"start":{"line":51,"column":8},"end":{"line":51,"column":89}},{"start":{"line":52,"column":8},"end":{"line":54,"column":23}}],"line":50},"5":{"loc":{"start":{"line":52,"column":8},"end":{"line":54,"column":23}},"type":"cond-expr","locations":[{"start":{"line":53,"column":10},"end":{"line":53,"column":81}},{"start":{"line":54,"column":10},"end":{"line":54,"column":23}}],"line":52},"6":{"loc":{"start":{"line":56,"column":6},"end":{"line":58,"column":15}},"type":"binary-expr","locations":[{"start":{"line":56,"column":6},"end":{"line":56,"column":47}},{"start":{"line":57,"column":6},"end":{"line":57,"column":42}},{"start":{"line":58,"column":6},"end":{"line":58,"column":15}}],"line":56}},"s":{"0":0,"1":0,"2":0,"3":0,"4":0,"5":0,"6":0,"7":0},"f":{"0":0,"1":0,"2":0},"b":{"0":[0,0],"1":[0,0],"2":[0,0,0,0],"3":[0,0],"4":[0,0],"5":[0,0],"6":[0,0,0]},"inputSourceMap":null}
,"C:\\Users\\joaqu\\OneDrive\\Documentos\\GitHub\\ClinicaBackend\\src\\services\\pacientes\\medicamentosPaciente.service.js": {"path":"C:\\Users\\joaqu\\OneDrive\\Documentos\\GitHub\\ClinicaBackend\\src\\services\\pacientes\\medicamentosPaciente.service.js","statementMap":{"0":{"start":{"line":5,"column":43},"end":{"line":10,"column":1}},"1":{"start":{"line":6,"column":2},"end":{"line":6,"column":74}},"2":{"start":{"line":6,"column":20},"end":{"line":6,"column":74}},"3":{"start":{"line":7,"column":2},"end":{"line":9,"column":3}},"4":{"start":{"line":8,"column":4},"end":{"line":8,"column":73}},"5":{"start":{"line":12,"column":46},"end":{"line":35,"column":1}},"6":{"start":{"line":13,"column":14},"end":{"line":13,"column":33}},"7":{"start":{"line":15,"column":23},"end":{"line":24,"column":4}},"8":{"start":{"line":26,"column":2},"end":{"line":34,"column":5}},"9":{"start":{"line":27,"column":27},"end":{"line":27,"column":62}},"10":{"start":{"line":28,"column":38},"end":{"line":28,"column":49}},"11":{"start":{"line":30,"column":4},"end":{"line":33,"column":6}},"12":{"start":{"line":37,"column":51},"end":{"line":64,"column":1}},"13":{"start":{"line":43,"column":22},"end":{"line":45,"column":4}},"14":{"start":{"line":46,"column":2},"end":{"line":46,"column":62}},"15":{"start":{"line":48,"column":2},"end":{"line":63,"column":5}},"16":{"start":{"line":66,"column":48},"end":{"line":80,"column":1}},"17":{"start":{"line":72,"column":2},"end":{"line":79,"column":5}},"18":{"start":{"line":82,"column":48},"end":{"line":94,"column":1}},"19":{"start":{"line":87,"column":22},"end":{"line":87,"column":77}},"20":{"start":{"line":88,"column":2},"end":{"line":88,"column":62}},"21":{"start":{"line":90,"column":2},"end":{"line":93,"column":5}},"22":{"start":{"line":96,"column":48},"end":{"line":108,"column":1}},"23":{"start":{"line":97,"column":2},"end":{"line":107,"column":3}},"24":{"start":{"line":98,"column":4},"end":{"line":101,"column":7}},"25":{"start":{"line":103,"column":4},"end":{"line":105,"column":5}},"26":{"start":{"line":104,"column":6},"end":{"line":104,"column":60}},"27":{"start":{"line":106,"column":4},"end":{"line":106,"column":14}}},"fnMap":{"0":{"name":"(anonymous_0)","decl":{"start":{"line":5,"column":43},"end":{"line":5,"column":44}},"loc":{"start":{"line":5,"column":72},"end":{"line":10,"column":1}},"line":5},"1":{"name":"(anonymous_1)","decl":{"start":{"line":12,"column":46},"end":{"line":12,"column":47}},"loc":{"start":{"line":12,"column":68},"end":{"line":35,"column":1}},"line":12},"2":{"name":"(anonymous_2)","decl":{"start":{"line":26,"column":26},"end":{"line":26,"column":27}},"loc":{"start":{"line":26,"column":43},"end":{"line":34,"column":3}},"line":26},"3":{"name":"(anonymous_3)","decl":{"start":{"line":37,"column":51},"end":{"line":37,"column":52}},"loc":{"start":{"line":42,"column":6},"end":{"line":64,"column":1}},"line":42},"4":{"name":"(anonymous_4)","decl":{"start":{"line":66,"column":48},"end":{"line":66,"column":49}},"loc":{"start":{"line":71,"column":6},"end":{"line":80,"column":1}},"line":71},"5":{"name":"(anonymous_5)","decl":{"start":{"line":82,"column":48},"end":{"line":82,"column":49}},"loc":{"start":{"line":86,"column":6},"end":{"line":94,"column":1}},"line":86},"6":{"name":"(anonymous_6)","decl":{"start":{"line":96,"column":48},"end":{"line":96,"column":49}},"loc":{"start":{"line":96,"column":62},"end":{"line":108,"column":1}},"line":96}},"branchMap":{"0":{"loc":{"start":{"line":6,"column":2},"end":{"line":6,"column":74}},"type":"if","locations":[{"start":{"line":6,"column":2},"end":{"line":6,"column":74}},{"start":{},"end":{}}],"line":6},"1":{"loc":{"start":{"line":7,"column":2},"end":{"line":9,"column":3}},"type":"if","locations":[{"start":{"line":7,"column":2},"end":{"line":9,"column":3}},{"start":{},"end":{}}],"line":7},"2":{"loc":{"start":{"line":27,"column":27},"end":{"line":27,"column":62}},"type":"binary-expr","locations":[{"start":{"line":27,"column":27},"end":{"line":27,"column":54}},{"start":{"line":27,"column":58},"end":{"line":27,"column":62}}],"line":27},"3":{"loc":{"start":{"line":103,"column":4},"end":{"line":105,"column":5}},"type":"if","locations":[{"start":{"line":103,"column":4},"end":{"line":105,"column":5}},{"start":{},"end":{}}],"line":103}},"s":{"0":0,"1":0,"2":0,"3":0,"4":0,"5":0,"6":0,"7":0,"8":0,"9":0,"10":0,"11":0,"12":0,"13":0,"14":0,"15":0,"16":0,"17":0,"18":0,"19":0,"20":0,"21":0,"22":0,"23":0,"24":0,"25":0,"26":0,"27":0},"f":{"0":0,"1":0,"2":0,"3":0,"4":0,"5":0,"6":0},"b":{"0":[0,0],"1":[0,0],"2":[0,0],"3":[0,0]},"inputSourceMap":null}
,"C:\\Users\\joaqu\\OneDrive\\Documentos\\GitHub\\ClinicaBackend\\src\\services\\pacientes\\perfilPaciente.service.js": {"path":"C:\\Users\\joaqu\\OneDrive\\Documentos\\GitHub\\ClinicaBackend\\src\\services\\pacientes\\perfilPaciente.service.js","statementMap":{"0":{"start":{"line":4,"column":40},"end":{"line":18,"column":1}},"1":{"start":{"line":5,"column":19},"end":{"line":13,"column":4}},"2":{"start":{"line":15,"column":2},"end":{"line":15,"column":68}},"3":{"start":{"line":15,"column":17},"end":{"line":15,"column":68}},"4":{"start":{"line":17,"column":2},"end":{"line":17,"column":18}},"5":{"start":{"line":20,"column":43},"end":{"line":32,"column":1}},"6":{"start":{"line":21,"column":2},"end":{"line":31,"column":3}},"7":{"start":{"line":22,"column":4},"end":{"line":25,"column":7}},"8":{"start":{"line":27,"column":4},"end":{"line":29,"column":5}},"9":{"start":{"line":28,"column":6},"end":{"line":28,"column":57}},"10":{"start":{"line":30,"column":4},"end":{"line":30,"column":14}}},"fnMap":{"0":{"name":"(anonymous_0)","decl":{"start":{"line":4,"column":40},"end":{"line":4,"column":41}},"loc":{"start":{"line":4,"column":54},"end":{"line":18,"column":1}},"line":4},"1":{"name":"(anonymous_1)","decl":{"start":{"line":20,"column":43},"end":{"line":20,"column":44}},"loc":{"start":{"line":20,"column":63},"end":{"line":32,"column":1}},"line":20}},"branchMap":{"0":{"loc":{"start":{"line":15,"column":2},"end":{"line":15,"column":68}},"type":"if","locations":[{"start":{"line":15,"column":2},"end":{"line":15,"column":68}},{"start":{},"end":{}}],"line":15},"1":{"loc":{"start":{"line":27,"column":4},"end":{"line":29,"column":5}},"type":"if","locations":[{"start":{"line":27,"column":4},"end":{"line":29,"column":5}},{"start":{},"end":{}}],"line":27}},"s":{"0":0,"1":0,"2":0,"3":0,"4":0,"5":0,"6":0,"7":0,"8":0,"9":0,"10":0},"f":{"0":0,"1":0},"b":{"0":[0,0],"1":[0,0]},"inputSourceMap":null}
}
